TN:
SF:D:\GitHub\web-wombat\index.js
FNF:0
FNH:0
DA:1,1
DA:2,1
DA:4,1
LF:3
LH:3
BRF:0
BRH:0
end_of_record
TN:
SF:D:\GitHub\web-wombat\src\BaseCollection.js
FN:4,(anonymous_0)
FN:11,(anonymous_1)
FN:16,(anonymous_2)
FN:17,(anonymous_3)
FN:21,(anonymous_4)
FN:24,(anonymous_5)
FN:43,(anonymous_6)
FN:44,(anonymous_7)
FN:48,(anonymous_8)
FN:49,(anonymous_9)
FN:50,(anonymous_10)
FN:53,(anonymous_11)
FN:56,(anonymous_12)
FN:61,(anonymous_13)
FN:79,(anonymous_14)
FN:80,(anonymous_15)
FN:85,(anonymous_16)
FNF:17
FNH:17
FNDA:2,(anonymous_0)
FNDA:25,(anonymous_1)
FNDA:8,(anonymous_2)
FNDA:8,(anonymous_3)
FNDA:6,(anonymous_4)
FNDA:4,(anonymous_5)
FNDA:4,(anonymous_6)
FNDA:4,(anonymous_7)
FNDA:1,(anonymous_8)
FNDA:8,(anonymous_9)
FNDA:8,(anonymous_10)
FNDA:5,(anonymous_11)
FNDA:3,(anonymous_12)
FNDA:6,(anonymous_13)
FNDA:6,(anonymous_14)
FNDA:6,(anonymous_15)
FNDA:6,(anonymous_16)
DA:1,1
DA:5,2
DA:12,25
DA:17,8
DA:18,8
DA:19,6
DA:22,6
DA:23,4
DA:24,4
DA:25,4
DA:28,2
DA:29,0
DA:30,0
DA:33,2
DA:39,2
DA:44,4
DA:45,4
DA:50,8
DA:51,8
DA:54,5
DA:57,3
DA:62,6
DA:63,6
DA:64,6
DA:65,12
DA:66,12
DA:67,6
DA:70,6
DA:80,6
DA:81,6
DA:86,6
DA:87,2
DA:89,6
DA:96,1
LF:34
LH:32
BRDA:12,0,0,24
BRDA:12,0,1,1
BRDA:18,1,0,6
BRDA:18,1,1,2
BRDA:22,2,0,4
BRDA:22,2,1,2
BRDA:28,3,0,0
BRDA:28,3,1,2
BRDA:66,4,0,6
BRDA:66,4,1,6
BRDA:86,5,0,2
BRDA:86,5,1,4
BRF:12
BRH:11
end_of_record
TN:
SF:D:\GitHub\web-wombat\src\BaseController.js
FN:5,(anonymous_0)
FN:9,(anonymous_1)
FN:11,(anonymous_2)
FN:31,(anonymous_3)
FN:36,(anonymous_4)
FN:49,(anonymous_5)
FN:52,(anonymous_6)
FN:56,(anonymous_7)
FN:59,(anonymous_8)
FN:65,(anonymous_9)
FN:69,(anonymous_10)
FN:74,(anonymous_11)
FNF:12
FNH:8
FNDA:8,(anonymous_0)
FNDA:0,(anonymous_1)
FNDA:0,(anonymous_2)
FNDA:2,(anonymous_3)
FNDA:0,(anonymous_4)
FNDA:6,(anonymous_5)
FNDA:0,(anonymous_6)
FNDA:3,(anonymous_7)
FNDA:3,(anonymous_8)
FNDA:3,(anonymous_9)
FNDA:3,(anonymous_10)
FNDA:3,(anonymous_11)
DA:1,1
DA:2,1
DA:6,8
DA:7,8
DA:10,0
DA:12,0
DA:13,0
DA:14,0
DA:23,0
DA:24,0
DA:26,0
DA:32,2
DA:37,0
DA:42,0
DA:50,6
DA:53,0
DA:57,3
DA:60,3
DA:66,3
DA:70,3
DA:71,3
DA:72,3
DA:75,3
DA:79,1
DA:80,1
DA:83,1
DA:84,1
DA:87,1
DA:88,1
DA:91,1
LF:30
LH:20
BRDA:12,0,0,0
BRDA:12,0,1,0
BRDA:13,1,0,0
BRDA:13,1,1,0
BRDA:23,2,0,0
BRDA:23,2,1,0
BRDA:36,3,0,0
BRDA:36,4,0,0
BRDA:79,5,0,1
BRDA:79,5,1,0
BRDA:83,6,0,1
BRDA:83,6,1,0
BRDA:87,7,0,1
BRDA:87,7,1,0
BRF:14
BRH:3
end_of_record
TN:
SF:D:\GitHub\web-wombat\src\BaseDocument.js
FN:2,(anonymous_0)
FN:29,(anonymous_1)
FN:33,(anonymous_2)
FN:34,(anonymous_3)
FN:41,(anonymous_4)
FN:51,(anonymous_5)
FNF:6
FNH:6
FNDA:15,(anonymous_0)
FNDA:27,(anonymous_1)
FNDA:27,(anonymous_2)
FNDA:18,(anonymous_3)
FNDA:12,(anonymous_4)
FNDA:2,(anonymous_5)
DA:3,15
DA:4,5
DA:6,15
DA:7,10
DA:8,10
DA:9,8
DA:16,10
DA:17,8
DA:18,8
DA:22,7
DA:25,10
DA:27,5
DA:30,27
DA:31,27
DA:35,18
DA:36,15
DA:38,18
DA:39,18
DA:42,12
DA:43,2
DA:45,12
DA:46,12
DA:47,9
DA:52,2
DA:53,2
DA:54,2
DA:55,2
DA:56,2
DA:57,1
DA:60,2
DA:64,1
LF:31
LH:31
BRDA:3,0,0,5
BRDA:3,0,1,10
BRDA:6,1,0,10
BRDA:6,1,1,5
BRDA:18,2,0,7
BRDA:18,2,1,1
BRDA:19,3,0,8
BRDA:19,3,1,7
BRDA:35,4,0,15
BRDA:35,4,1,3
BRDA:42,5,0,2
BRDA:42,5,1,10
BRDA:46,6,0,9
BRDA:46,6,1,3
BRDA:55,7,0,2
BRDA:55,7,1,2
BRDA:56,8,0,1
BRDA:56,8,1,1
BRF:18
BRH:18
end_of_record
TN:
SF:D:\GitHub\web-wombat\src\CollectionsProvider.js
FN:5,(anonymous_0)
FN:18,(anonymous_1)
FN:24,(anonymous_2)
FN:31,(anonymous_3)
FN:34,(anonymous_4)
FN:39,(anonymous_5)
FN:41,(anonymous_6)
FN:48,(anonymous_7)
FNF:8
FNH:1
FNDA:0,(anonymous_0)
FNDA:1,(anonymous_1)
FNDA:0,(anonymous_2)
FNDA:0,(anonymous_3)
FNDA:0,(anonymous_4)
FNDA:0,(anonymous_5)
FNDA:0,(anonymous_6)
FNDA:0,(anonymous_7)
DA:1,1
DA:2,1
DA:6,0
DA:7,0
DA:9,0
DA:10,0
DA:11,0
DA:12,0
DA:13,0
DA:14,0
DA:16,0
DA:19,1
DA:25,0
DA:32,0
DA:35,0
DA:40,0
DA:42,0
DA:49,0
DA:54,1
LF:19
LH:4
BRDA:6,0,0,0
BRDA:6,0,1,0
BRF:2
BRH:0
end_of_record
TN:
SF:D:\GitHub\web-wombat\src\DatabaseHolder.js
FN:4,(anonymous_0)
FN:10,(anonymous_1)
FN:13,(anonymous_2)
FN:35,(anonymous_3)
FN:42,(anonymous_4)
FN:50,(anonymous_5)
FN:75,(anonymous_6)
FNF:7
FNH:0
FNDA:0,(anonymous_0)
FNDA:0,(anonymous_1)
FNDA:0,(anonymous_2)
FNDA:0,(anonymous_3)
FNDA:0,(anonymous_4)
FNDA:0,(anonymous_5)
FNDA:0,(anonymous_6)
DA:1,1
DA:5,0
DA:6,0
DA:8,0
DA:11,0
DA:14,0
DA:18,0
DA:19,0
DA:26,0
DA:30,0
DA:33,0
DA:34,0
DA:35,0
DA:36,0
DA:43,0
DA:44,0
DA:45,0
DA:50,0
DA:51,0
DA:52,0
DA:56,0
DA:59,0
DA:60,0
DA:61,0
DA:66,0
DA:69,0
DA:76,0
DA:82,0
DA:84,0
DA:88,1
LF:30
LH:2
BRDA:5,0,0,0
BRDA:5,0,1,0
BRDA:18,1,0,0
BRDA:18,1,1,0
BRDA:26,2,0,0
BRDA:26,2,1,0
BRDA:27,3,0,0
BRDA:27,3,1,0
BRDA:43,4,0,0
BRDA:43,4,1,0
BRDA:46,5,0,0
BRDA:46,5,1,0
BRDA:52,6,0,0
BRDA:52,6,1,0
BRDA:59,7,0,0
BRDA:59,7,1,0
BRDA:76,8,0,0
BRDA:76,8,1,0
BRDA:77,9,0,0
BRDA:77,9,1,0
BRDA:77,9,2,0
BRDA:77,9,3,0
BRF:22
BRH:0
end_of_record
TN:
SF:D:\GitHub\web-wombat\src\FormBuilder.js
FN:2,(anonymous_0)
FNF:1
FNH:1
FNDA:2,(anonymous_0)
DA:3,2
DA:9,1
LF:2
LH:2
BRF:0
BRH:0
end_of_record
TN:
SF:D:\GitHub\web-wombat\src\Logger.js
FNF:0
FNH:0
DA:1,1
DA:6,1
DA:11,1
LF:3
LH:3
BRF:0
BRH:0
end_of_record
TN:
SF:D:\GitHub\web-wombat\src\MiddlewareProvider.js
FN:2,(anonymous_0)
FN:4,(anonymous_1)
FN:17,(anonymous_2)
FN:24,(anonymous_3)
FN:55,(anonymous_4)
FN:62,(anonymous_5)
FN:67,(anonymous_6)
FN:75,(anonymous_7)
FN:81,(anonymous_8)
FN:87,(anonymous_9)
FN:93,(anonymous_10)
FN:98,(anonymous_11)
FNF:12
FNH:7
FNDA:0,(anonymous_0)
FNDA:0,(anonymous_1)
FNDA:0,(anonymous_2)
FNDA:71,(anonymous_3)
FNDA:84,(anonymous_4)
FNDA:69,(anonymous_5)
FNDA:0,(anonymous_6)
FNDA:0,(anonymous_7)
FNDA:1,(anonymous_8)
FNDA:9,(anonymous_9)
FNDA:9,(anonymous_10)
FNDA:8,(anonymous_11)
DA:3,0
DA:4,0
DA:5,0
DA:14,0
DA:18,0
DA:25,71
DA:26,46
DA:28,71
DA:29,71
DA:31,0
DA:32,0
DA:39,0
DA:40,0
DA:42,0
DA:48,0
DA:49,0
DA:51,0
DA:56,84
DA:57,11
DA:59,84
DA:63,69
DA:68,0
DA:69,0
DA:70,0
DA:72,0
DA:76,0
DA:77,0
DA:79,0
DA:82,1
DA:83,1
DA:84,1
DA:85,1
DA:86,1
DA:88,9
DA:94,9
DA:99,8
DA:102,1
DA:103,8
DA:104,8
DA:110,1
DA:114,1
DA:116,1
LF:42
LH:22
BRDA:2,0,0,0
BRDA:3,1,0,0
BRDA:3,1,1,0
BRDA:25,2,0,46
BRDA:25,2,1,25
BRDA:28,3,0,71
BRDA:28,3,1,0
BRDA:39,4,0,0
BRDA:39,4,1,0
BRDA:48,5,0,0
BRDA:48,5,1,0
BRDA:56,6,0,11
BRDA:56,6,1,73
BRDA:63,7,0,1
BRDA:63,7,1,68
BRDA:69,8,0,0
BRDA:69,8,1,0
BRDA:75,9,0,0
BRDA:76,10,0,0
BRDA:76,10,1,0
BRDA:76,11,0,0
BRDA:76,11,1,0
BRF:22
BRH:7
end_of_record
TN:
SF:D:\GitHub\web-wombat\src\ResourceController.js
FN:6,(anonymous_0)
FN:9,(anonymous_1)
FN:12,(anonymous_2)
FN:24,(anonymous_3)
FN:27,(anonymous_4)
FN:35,(anonymous_5)
FN:49,(anonymous_6)
FN:54,(anonymous_7)
FN:74,(anonymous_8)
FN:79,(anonymous_9)
FN:99,(anonymous_10)
FN:104,(anonymous_11)
FN:126,(anonymous_12)
FN:131,(anonymous_13)
FN:140,(anonymous_14)
FN:157,(anonymous_15)
FN:166,(anonymous_16)
FN:174,(anonymous_17)
FN:180,(anonymous_18)
FN:184,(anonymous_19)
FNF:20
FNH:0
FNDA:0,(anonymous_0)
FNDA:0,(anonymous_1)
FNDA:0,(anonymous_2)
FNDA:0,(anonymous_3)
FNDA:0,(anonymous_4)
FNDA:0,(anonymous_5)
FNDA:0,(anonymous_6)
FNDA:0,(anonymous_7)
FNDA:0,(anonymous_8)
FNDA:0,(anonymous_9)
FNDA:0,(anonymous_10)
FNDA:0,(anonymous_11)
FNDA:0,(anonymous_12)
FNDA:0,(anonymous_13)
FNDA:0,(anonymous_14)
FNDA:0,(anonymous_15)
FNDA:0,(anonymous_16)
FNDA:0,(anonymous_17)
FNDA:0,(anonymous_18)
FNDA:0,(anonymous_19)
DA:1,1
DA:2,1
DA:3,1
DA:7,0
DA:10,0
DA:13,0
DA:14,0
DA:15,0
DA:16,0
DA:18,0
DA:21,0
DA:25,0
DA:28,0
DA:33,0
DA:36,0
DA:46,0
DA:50,0
DA:55,0
DA:56,0
DA:57,0
DA:58,0
DA:60,0
DA:61,0
DA:67,0
DA:69,0
DA:75,0
DA:80,0
DA:81,0
DA:82,0
DA:83,0
DA:85,0
DA:86,0
DA:92,0
DA:94,0
DA:100,0
DA:105,0
DA:106,0
DA:107,0
DA:108,0
DA:110,0
DA:111,0
DA:115,0
DA:121,0
DA:127,0
DA:132,0
DA:133,0
DA:134,0
DA:135,0
DA:137,0
DA:138,0
DA:141,0
DA:142,0
DA:148,0
DA:152,0
DA:158,0
DA:159,0
DA:163,0
DA:167,0
DA:168,0
DA:175,0
DA:176,0
DA:181,0
DA:182,0
DA:185,0
DA:193,1
LF:65
LH:4
BRDA:13,0,0,0
BRDA:13,0,1,0
BRDA:28,1,0,0
BRDA:28,1,1,0
BRDA:55,2,0,0
BRDA:55,2,1,0
BRDA:60,3,0,0
BRDA:60,3,1,0
BRDA:80,4,0,0
BRDA:80,4,1,0
BRDA:85,5,0,0
BRDA:85,5,1,0
BRDA:105,6,0,0
BRDA:105,6,1,0
BRDA:110,7,0,0
BRDA:110,7,1,0
BRDA:132,8,0,0
BRDA:132,8,1,0
BRDA:137,9,0,0
BRDA:137,9,1,0
BRDA:141,10,0,0
BRDA:141,10,1,0
BRDA:157,11,0,0
BRDA:158,12,0,0
BRDA:158,12,1,0
BRF:25
BRH:0
end_of_record
TN:
SF:D:\GitHub\web-wombat\src\Route.js
FN:7,(anonymous_0)
FN:24,(anonymous_1)
FN:28,(anonymous_2)
FN:33,(anonymous_3)
FN:37,(anonymous_4)
FN:40,(anonymous_5)
FN:53,(anonymous_6)
FN:56,(anonymous_7)
FN:65,(anonymous_8)
FN:70,(anonymous_9)
FN:89,(anonymous_10)
FN:96,(anonymous_11)
FN:120,(anonymous_12)
FN:146,(anonymous_13)
FN:150,(anonymous_14)
FN:154,(anonymous_15)
FN:158,(anonymous_16)
FN:193,(anonymous_17)
FN:202,(anonymous_18)
FN:211,(anonymous_19)
FN:220,(anonymous_20)
FN:229,(anonymous_21)
FN:238,(anonymous_22)
FN:248,(anonymous_23)
FNF:24
FNH:24
FNDA:2217,(anonymous_0)
FNDA:16,(anonymous_1)
FNDA:9,(anonymous_2)
FNDA:2229,(anonymous_3)
FNDA:8,(anonymous_4)
FNDA:20,(anonymous_5)
FNDA:2,(anonymous_6)
FNDA:8,(anonymous_7)
FNDA:37,(anonymous_8)
FNDA:16,(anonymous_9)
FNDA:33,(anonymous_10)
FNDA:62,(anonymous_11)
FNDA:40,(anonymous_12)
FNDA:1431,(anonymous_13)
FNDA:5,(anonymous_14)
FNDA:6,(anonymous_15)
FNDA:34,(anonymous_16)
FNDA:64,(anonymous_17)
FNDA:31,(anonymous_18)
FNDA:20,(anonymous_19)
FNDA:20,(anonymous_20)
FNDA:20,(anonymous_21)
FNDA:20,(anonymous_22)
FNDA:202,(anonymous_23)
DA:1,543
DA:2,543
DA:3,543
DA:4,543
DA:16,2217
DA:17,2217
DA:18,2217
DA:19,2217
DA:20,2217
DA:21,2217
DA:22,2217
DA:25,16
DA:26,16
DA:29,9
DA:34,2229
DA:35,2229
DA:38,8
DA:41,20
DA:42,12
DA:43,12
DA:45,20
DA:46,15
DA:47,15
DA:48,15
DA:49,15
DA:51,5
DA:54,2
DA:57,8
DA:58,8
DA:66,37
DA:67,19
DA:68,10
DA:70,19
DA:71,16
DA:79,18
DA:80,18
DA:81,9
DA:83,18
DA:84,0
DA:86,18
DA:90,33
DA:97,62
DA:98,62
DA:99,62
DA:100,62
DA:101,62
DA:102,62
DA:103,12
DA:105,50
DA:107,78
DA:116,78
DA:118,50
DA:121,40
DA:124,40
DA:125,40
DA:127,81
DA:136,81
DA:137,27
DA:144,40
DA:147,1431
DA:148,1431
DA:151,5
DA:152,5
DA:155,6
DA:156,6
DA:159,34
DA:160,34
DA:171,34
DA:172,17
DA:173,17
DA:176,17
DA:177,4
DA:185,9
DA:191,26
DA:194,64
DA:203,31
DA:212,20
DA:221,20
DA:230,20
DA:239,20
DA:249,202
DA:250,202
DA:251,202
DA:319,543
DA:324,543
LF:85
LH:84
BRDA:11,0,0,740
BRDA:12,1,0,1447
BRDA:13,2,0,783
BRDA:14,3,0,803
BRDA:28,4,0,5
BRDA:29,5,0,2
BRDA:29,5,1,7
BRDA:41,6,0,12
BRDA:41,6,1,8
BRDA:45,7,0,15
BRDA:45,7,1,5
BRDA:58,8,0,6
BRDA:58,8,1,2
BRDA:65,9,0,21
BRDA:66,10,0,19
BRDA:66,10,1,18
BRDA:67,11,0,10
BRDA:67,11,1,9
BRDA:80,12,0,9
BRDA:80,12,1,9
BRDA:83,13,0,0
BRDA:83,13,1,18
BRDA:83,14,0,18
BRDA:83,14,1,0
BRDA:90,15,0,18
BRDA:90,15,1,15
BRDA:91,16,0,33
BRDA:91,16,1,23
BRDA:91,16,2,19
BRDA:97,17,0,62
BRDA:97,17,1,0
BRDA:102,18,0,12
BRDA:102,18,1,50
BRDA:107,19,0,78
BRDA:107,19,1,12
BRDA:116,20,0,78
BRDA:116,20,1,78
BRDA:116,20,2,26
BRDA:127,21,0,81
BRDA:127,21,1,27
BRDA:136,22,0,27
BRDA:136,22,1,54
BRDA:171,23,0,17
BRDA:171,23,1,17
BRDA:176,24,0,4
BRDA:176,24,1,9
BRDA:250,25,0,102
BRDA:250,25,1,100
BRF:48
BRH:45
end_of_record
TN:
SF:D:\GitHub\web-wombat\src\RouteGroup.js
FN:4,(anonymous_0)
FN:16,(anonymous_1)
FN:26,(anonymous_2)
FN:33,(anonymous_3)
FN:36,(anonymous_4)
FN:39,(anonymous_5)
FN:56,(anonymous_6)
FNF:7
FNH:4
FNDA:3,(anonymous_0)
FNDA:0,(anonymous_1)
FNDA:3,(anonymous_2)
FNDA:0,(anonymous_3)
FNDA:2,(anonymous_4)
FNDA:3,(anonymous_5)
FNDA:0,(anonymous_6)
DA:1,1
DA:5,3
DA:6,3
DA:7,3
DA:8,3
DA:9,0
DA:12,3
DA:13,3
DA:14,3
DA:17,0
DA:18,0
DA:19,0
DA:20,0
DA:21,0
DA:24,0
DA:27,3
DA:28,3
DA:29,3
DA:31,3
DA:34,0
DA:37,2
DA:40,3
DA:41,3
DA:43,3
DA:44,3
DA:45,3
DA:46,3
DA:51,0
DA:52,0
DA:57,0
DA:61,1
LF:31
LH:20
BRDA:4,0,0,0
BRDA:4,1,0,0
BRDA:4,2,0,3
BRDA:8,3,0,0
BRDA:8,3,1,3
BRDA:8,4,0,3
BRDA:8,4,1,0
BRDA:20,5,0,0
BRDA:20,5,1,0
BRDA:29,6,0,0
BRDA:29,6,1,3
BRDA:40,7,0,3
BRDA:40,7,1,0
BRDA:45,8,0,3
BRDA:45,8,1,0
BRDA:51,9,0,0
BRDA:51,9,1,0
BRF:17
BRH:6
end_of_record
TN:
SF:D:\GitHub\web-wombat\src\ViewProvider.js
FN:6,(anonymous_0)
FN:18,(anonymous_1)
FN:33,(anonymous_2)
FN:47,(anonymous_3)
FN:80,(anonymous_4)
FNF:5
FNH:2
FNDA:16,(anonymous_0)
FNDA:0,(anonymous_1)
FNDA:0,(anonymous_2)
FNDA:0,(anonymous_3)
FNDA:1,(anonymous_4)
DA:1,1
DA:2,1
DA:3,1
DA:7,16
DA:8,16
DA:9,16
DA:10,0
DA:12,16
DA:19,0
DA:20,0
DA:22,0
DA:23,0
DA:24,0
DA:30,0
DA:31,0
DA:34,0
DA:35,0
DA:37,0
DA:38,0
DA:44,0
DA:45,0
DA:48,0
DA:49,0
DA:51,0
DA:52,0
DA:54,0
DA:63,0
DA:66,0
DA:67,0
DA:68,0
DA:69,0
DA:71,0
DA:72,0
DA:73,0
DA:81,1
DA:85,1
DA:87,1
DA:89,1
DA:90,1
DA:93,1
LF:40
LH:13
BRDA:9,0,0,0
BRDA:9,0,1,16
BRDA:19,1,0,0
BRDA:19,1,1,0
BRDA:23,2,0,0
BRDA:23,2,1,0
BRDA:34,3,0,0
BRDA:34,3,1,0
BRDA:37,4,0,0
BRDA:37,4,1,0
BRDA:47,5,0,0
BRDA:47,6,0,0
BRDA:47,7,0,0
BRDA:51,8,0,0
BRDA:51,8,1,0
BRDA:63,9,0,0
BRDA:63,9,1,0
BRDA:68,10,0,0
BRDA:68,10,1,0
BRDA:89,11,0,1
BRDA:89,11,1,0
BRF:21
BRH:2
end_of_record
TN:
SF:D:\GitHub\web-wombat\src\WebSocketClientService.js
FN:2,(anonymous_0)
FN:10,(anonymous_1)
FN:20,(anonymous_2)
FN:26,(anonymous_3)
FN:31,(anonymous_4)
FNF:5
FNH:5
FNDA:23,(anonymous_0)
FNDA:12,(anonymous_1)
FNDA:4,(anonymous_2)
FNDA:4,(anonymous_3)
FNDA:14,(anonymous_4)
DA:3,23
DA:4,19
DA:6,23
DA:7,23
DA:8,23
DA:11,12
DA:15,2
DA:16,2
DA:18,10
DA:21,4
DA:22,3
DA:24,1
DA:27,4
DA:33,14
DA:34,14
DA:35,14
DA:36,112
DA:38,14
DA:39,10
DA:41,4
DA:45,1
DA:47,1
LF:22
LH:22
BRDA:3,0,0,19
BRDA:3,0,1,4
BRDA:11,1,0,2
BRDA:11,1,1,10
BRDA:12,2,0,12
BRDA:12,2,1,4
BRDA:21,3,0,3
BRDA:21,3,1,1
BRDA:27,4,0,2
BRDA:27,4,1,2
BRDA:31,5,0,10
BRDA:38,6,0,10
BRDA:38,6,1,4
BRF:13
BRH:13
end_of_record
TN:
SF:D:\GitHub\web-wombat\src\WebSocketController.js
FN:7,(anonymous_0)
FN:13,(anonymous_1)
FN:17,(anonymous_2)
FN:30,(anonymous_3)
FN:45,(anonymous_4)
FN:54,(anonymous_5)
FN:61,(anonymous_6)
FN:65,(anonymous_7)
FN:111,(anonymous_8)
FN:114,(anonymous_9)
FN:115,(anonymous_10)
FN:116,(anonymous_11)
FN:117,(anonymous_12)
FN:120,(anonymous_13)
FN:123,(anonymous_14)
FN:129,(anonymous_15)
FN:135,(anonymous_16)
FN:150,(anonymous_17)
FN:156,(anonymous_18)
FN:159,(anonymous_19)
FNF:20
FNH:1
FNDA:1,(anonymous_0)
FNDA:0,(anonymous_1)
FNDA:0,(anonymous_2)
FNDA:0,(anonymous_3)
FNDA:0,(anonymous_4)
FNDA:0,(anonymous_5)
FNDA:0,(anonymous_6)
FNDA:0,(anonymous_7)
FNDA:0,(anonymous_8)
FNDA:0,(anonymous_9)
FNDA:0,(anonymous_10)
FNDA:0,(anonymous_11)
FNDA:0,(anonymous_12)
FNDA:0,(anonymous_13)
FNDA:0,(anonymous_14)
FNDA:0,(anonymous_15)
FNDA:0,(anonymous_16)
FNDA:0,(anonymous_17)
FNDA:0,(anonymous_18)
FNDA:0,(anonymous_19)
DA:1,1
DA:2,1
DA:3,1
DA:4,1
DA:8,1
DA:9,1
DA:10,1
DA:11,1
DA:12,1
DA:13,1
DA:14,0
DA:18,0
DA:27,0
DA:28,0
DA:29,0
DA:30,0
DA:31,0
DA:34,0
DA:35,0
DA:39,0
DA:40,0
DA:41,0
DA:42,0
DA:46,0
DA:55,0
DA:59,0
DA:62,0
DA:63,0
DA:66,0
DA:67,0
DA:68,0
DA:69,0
DA:70,0
DA:71,0
DA:72,0
DA:73,0
DA:74,0
DA:75,0
DA:77,0
DA:78,0
DA:79,0
DA:81,0
DA:82,0
DA:83,0
DA:85,0
DA:86,0
DA:87,0
DA:88,0
DA:89,0
DA:91,0
DA:92,0
DA:95,0
DA:96,0
DA:97,0
DA:100,0
DA:101,0
DA:102,0
DA:103,0
DA:104,0
DA:107,0
DA:109,0
DA:112,0
DA:118,0
DA:121,0
DA:124,0
DA:130,0
DA:131,0
DA:132,0
DA:136,0
DA:137,0
DA:138,0
DA:139,0
DA:140,0
DA:141,0
DA:142,0
DA:143,0
DA:144,0
DA:145,0
DA:147,0
DA:148,0
DA:151,0
DA:152,0
DA:153,0
DA:154,0
DA:157,0
DA:160,0
DA:164,1
LF:87
LH:11
BRDA:29,0,0,0
BRDA:29,0,1,0
BRDA:34,1,0,0
BRDA:34,1,1,0
BRDA:40,2,0,0
BRDA:40,2,1,0
BRDA:72,3,0,0
BRDA:72,3,1,0
BRDA:77,4,0,0
BRDA:77,4,1,0
BRDA:81,5,0,0
BRDA:81,5,1,0
BRDA:86,6,0,0
BRDA:86,6,1,0
BRDA:87,7,0,0
BRDA:87,7,1,0
BRDA:96,8,0,0
BRDA:96,8,1,0
BRDA:137,9,0,0
BRDA:137,9,1,0
BRDA:138,10,0,0
BRDA:138,10,1,0
BRDA:143,11,0,0
BRDA:143,11,1,0
BRF:24
BRH:0
end_of_record
TN:
SF:D:\GitHub\web-wombat\src\WombatServer.js
FN:11,(anonymous_0)
FN:30,(anonymous_1)
FN:33,(anonymous_2)
FN:40,(anonymous_3)
FN:44,(anonymous_4)
FN:48,(anonymous_5)
FN:52,(anonymous_6)
FN:55,(anonymous_7)
FN:59,(anonymous_8)
FN:62,(anonymous_9)
FN:66,(anonymous_10)
FN:69,(anonymous_11)
FN:74,(anonymous_12)
FN:78,(anonymous_13)
FN:82,(anonymous_14)
FN:86,(anonymous_15)
FN:90,(anonymous_16)
FN:93,(anonymous_17)
FN:97,(anonymous_18)
FN:101,(anonymous_19)
FN:103,(anonymous_20)
FN:124,(anonymous_21)
FN:129,(anonymous_22)
FN:133,(anonymous_23)
FN:142,(anonymous_24)
FN:147,(anonymous_25)
FN:151,(anonymous_26)
FN:158,(anonymous_27)
FN:166,(anonymous_28)
FN:174,(anonymous_29)
FN:185,(anonymous_30)
FN:226,(anonymous_31)
FN:233,(anonymous_32)
FN:244,(anonymous_33)
FN:268,(anonymous_34)
FN:278,(anonymous_35)
FNF:36
FNH:11
FNDA:0,(anonymous_0)
FNDA:0,(anonymous_1)
FNDA:0,(anonymous_2)
FNDA:1,(anonymous_3)
FNDA:1,(anonymous_4)
FNDA:2,(anonymous_5)
FNDA:0,(anonymous_6)
FNDA:2,(anonymous_7)
FNDA:0,(anonymous_8)
FNDA:7,(anonymous_9)
FNDA:5,(anonymous_10)
FNDA:0,(anonymous_11)
FNDA:1,(anonymous_12)
FNDA:0,(anonymous_13)
FNDA:1,(anonymous_14)
FNDA:1,(anonymous_15)
FNDA:1,(anonymous_16)
FNDA:0,(anonymous_17)
FNDA:0,(anonymous_18)
FNDA:0,(anonymous_19)
FNDA:0,(anonymous_20)
FNDA:0,(anonymous_21)
FNDA:0,(anonymous_22)
FNDA:0,(anonymous_23)
FNDA:0,(anonymous_24)
FNDA:0,(anonymous_25)
FNDA:0,(anonymous_26)
FNDA:0,(anonymous_27)
FNDA:0,(anonymous_28)
FNDA:12,(anonymous_29)
FNDA:0,(anonymous_30)
FNDA:0,(anonymous_31)
FNDA:0,(anonymous_32)
FNDA:0,(anonymous_33)
FNDA:0,(anonymous_34)
FNDA:0,(anonymous_35)
DA:1,1
DA:2,1
DA:3,1
DA:4,1
DA:5,1
DA:6,1
DA:7,1
DA:8,1
DA:12,0
DA:13,0
DA:15,0
DA:16,0
DA:17,0
DA:18,0
DA:22,0
DA:23,0
DA:25,0
DA:28,0
DA:29,0
DA:31,0
DA:34,0
DA:37,0
DA:41,1
DA:42,1
DA:45,1
DA:46,1
DA:49,2
DA:50,2
DA:53,0
DA:56,2
DA:57,2
DA:60,0
DA:63,7
DA:64,7
DA:67,5
DA:70,0
DA:71,0
DA:72,0
DA:75,1
DA:76,1
DA:79,0
DA:80,0
DA:83,1
DA:84,1
DA:87,1
DA:88,1
DA:91,1
DA:94,0
DA:95,0
DA:98,0
DA:99,0
DA:102,0
DA:103,0
DA:104,0
DA:105,0
DA:109,0
DA:112,0
DA:113,0
DA:114,0
DA:115,0
DA:125,0
DA:126,0
DA:130,0
DA:131,0
DA:134,0
DA:140,0
DA:141,0
DA:143,0
DA:144,0
DA:148,0
DA:149,0
DA:152,0
DA:159,0
DA:167,0
DA:175,12
DA:176,12
DA:177,12
DA:178,12
DA:179,12
DA:181,0
DA:182,0
DA:183,0
DA:184,0
DA:185,0
DA:186,0
DA:189,0
DA:191,0
DA:192,0
DA:194,0
DA:199,0
DA:203,0
DA:204,0
DA:205,0
DA:206,0
DA:208,0
DA:211,0
DA:212,0
DA:216,0
DA:217,0
DA:223,0
DA:227,0
DA:228,0
DA:229,0
DA:230,0
DA:234,0
DA:235,0
DA:241,0
DA:242,0
DA:245,0
DA:246,0
DA:247,0
DA:248,0
DA:249,0
DA:250,0
DA:257,0
DA:258,0
DA:266,0
DA:269,0
DA:270,0
DA:272,0
DA:273,0
DA:275,0
DA:276,0
DA:279,0
DA:283,1
DA:285,1
DA:287,1
DA:289,1
DA:291,1
DA:293,1
LF:130
LH:37
BRDA:12,0,0,0
BRDA:12,0,1,0
BRDA:15,1,0,0
BRDA:15,1,1,0
BRDA:22,2,0,0
BRDA:22,2,1,0
BRDA:28,3,0,0
BRDA:28,3,1,0
BRDA:105,4,0,0
BRDA:105,4,1,0
BRDA:106,5,0,0
BRDA:106,5,1,0
BRDA:106,6,0,0
BRDA:106,6,1,0
BRDA:112,7,0,0
BRDA:112,7,1,0
BRDA:118,8,0,0
BRDA:118,8,1,0
BRDA:177,9,0,12
BRDA:177,9,1,0
BRDA:182,10,0,0
BRDA:182,10,1,0
BRDA:191,11,0,0
BRDA:191,11,1,0
BRDA:203,12,0,0
BRDA:203,12,1,0
BRDA:205,13,0,0
BRDA:205,13,1,0
BRDA:228,14,0,0
BRDA:228,14,1,0
BRDA:234,15,0,0
BRDA:234,15,1,0
BRDA:245,16,0,0
BRDA:245,16,1,0
BRDA:245,17,0,0
BRDA:245,17,1,0
BRDA:245,17,2,0
BRDA:249,18,0,0
BRDA:249,18,1,0
BRDA:249,19,0,0
BRDA:249,19,1,0
BRDA:257,20,0,0
BRDA:257,20,1,0
BRDA:257,21,0,0
BRDA:257,21,1,0
BRDA:266,22,0,0
BRDA:266,22,1,0
BRDA:269,23,0,0
BRDA:269,23,1,0
BRDA:272,24,0,0
BRDA:272,24,1,0
BRF:51
BRH:1
end_of_record
TN:
SF:D:\GitHub\web-wombat\src\ErrorHandlers\ErrorHandlerInterface.js
FN:2,(anonymous_0)
FNF:1
FNH:1
FNDA:3,(anonymous_0)
DA:3,3
DA:7,1
LF:2
LH:2
BRF:0
BRH:0
end_of_record
TN:
SF:D:\GitHub\web-wombat\src\ErrorHandlers\ConsoleLoggerErrorHandler\ConsoleLoggerErrorHandler.js
FN:4,(anonymous_0)
FNF:1
FNH:1
FNDA:12,(anonymous_0)
DA:1,1
DA:5,12
DA:6,12
DA:7,12
DA:8,12
DA:9,11
DA:10,11
DA:15,1
LF:8
LH:8
BRDA:8,0,0,11
BRDA:8,0,1,1
BRF:2
BRH:2
end_of_record
TN:
SF:D:\GitHub\web-wombat\src\ErrorHandlers\TerminalErrorHandler\TerminalErrorHandler.js
FN:4,(anonymous_0)
FNF:1
FNH:1
FNDA:3,(anonymous_0)
DA:1,1
DA:5,3
DA:6,2
DA:10,1
LF:4
LH:4
BRF:0
BRH:0
end_of_record
TN:
SF:D:\GitHub\web-wombat\src\TemplateConnectors\TemplateInterface.js
FN:2,(anonymous_0)
FN:6,(anonymous_1)
FN:11,(anonymous_2)
FN:16,(anonymous_3)
FN:19,(anonymous_4)
FNF:5
FNH:5
FNDA:74,(anonymous_0)
FNDA:2,(anonymous_1)
FNDA:2,(anonymous_2)
FNDA:79,(anonymous_3)
FNDA:2,(anonymous_4)
DA:3,74
DA:4,74
DA:7,2
DA:12,2
DA:17,79
DA:20,2
DA:24,1
LF:7
LH:7
BRF:0
BRH:0
end_of_record
TN:
SF:D:\GitHub\web-wombat\src\TemplateConnectors\BladeConnector\BladeConnector.js
FN:4,(anonymous_0)
FN:7,(anonymous_1)
FN:12,(anonymous_2)
FN:19,(anonymous_3)
FN:34,(anonymous_4)
FN:41,(anonymous_5)
FNF:6
FNH:6
FNDA:1,(anonymous_0)
FNDA:38,(anonymous_1)
FNDA:31,(anonymous_2)
FNDA:31,(anonymous_3)
FNDA:7,(anonymous_4)
FNDA:7,(anonymous_5)
DA:1,1
DA:5,1
DA:8,38
DA:9,31
DA:10,20
DA:12,31
DA:13,31
DA:20,31
DA:21,28
DA:22,24
DA:24,4
DA:26,28
DA:28,3
DA:34,7
DA:35,7
DA:42,7
DA:43,4
DA:45,3
DA:54,1
DA:56,1
LF:20
LH:20
BRDA:7,0,0,8
BRDA:7,1,0,13
BRDA:8,2,0,31
BRDA:8,2,1,7
BRDA:9,3,0,20
BRDA:9,3,1,11
BRDA:20,4,0,28
BRDA:20,4,1,3
BRDA:21,5,0,24
BRDA:21,5,1,4
BRDA:42,6,0,4
BRDA:42,6,1,3
BRF:12
BRH:12
end_of_record
TN:
SF:D:\GitHub\web-wombat\src\TemplateConnectors\HTMLConnector\HTMLConnector.js
FN:4,(anonymous_0)
FN:7,(anonymous_1)
FN:12,(anonymous_2)
FN:26,(anonymous_3)
FNF:4
FNH:4
FNDA:1,(anonymous_0)
FNDA:38,(anonymous_1)
FNDA:31,(anonymous_2)
FNDA:7,(anonymous_3)
DA:1,46
DA:5,1
DA:8,38
DA:9,31
DA:10,20
DA:12,31
DA:13,31
DA:14,31
DA:15,28
DA:16,24
DA:18,4
DA:20,28
DA:22,3
DA:26,7
DA:27,7
DA:28,7
DA:31,3
DA:38,46
DA:39,46
DA:41,46
LF:20
LH:20
BRDA:7,0,0,8
BRDA:7,1,0,13
BRDA:8,2,0,31
BRDA:8,2,1,7
BRDA:9,3,0,20
BRDA:9,3,1,11
BRDA:15,4,0,24
BRDA:15,4,1,4
BRF:8
BRH:8
end_of_record
TN:
SF:D:\GitHub\web-wombat\src\TemplateConnectors\HandlebarsConnector\HandlebarsConnector.js
FN:4,(anonymous_0)
FN:7,(anonymous_1)
FN:12,(anonymous_2)
FN:29,(anonymous_3)
FNF:4
FNH:4
FNDA:1,(anonymous_0)
FNDA:38,(anonymous_1)
FNDA:31,(anonymous_2)
FNDA:7,(anonymous_3)
DA:1,2
DA:5,1
DA:8,38
DA:9,31
DA:10,20
DA:12,31
DA:13,31
DA:14,31
DA:15,31
DA:18,28
DA:19,24
DA:21,4
DA:23,28
DA:25,3
DA:29,7
DA:30,7
DA:31,7
DA:32,7
DA:38,3
DA:45,2
DA:47,2
DA:48,2
DA:50,2
LF:23
LH:23
BRDA:7,0,0,8
BRDA:7,1,0,13
BRDA:8,2,0,31
BRDA:8,2,1,7
BRDA:9,3,0,20
BRDA:9,3,1,11
BRDA:18,4,0,24
BRDA:18,4,1,4
BRF:8
BRH:8
end_of_record
TN:
SF:D:\GitHub\web-wombat\src\TemplateConnectors\MustacheConnector\MustacheConnector.js
FN:4,(anonymous_0)
FN:7,(anonymous_1)
FN:12,(anonymous_2)
FN:30,(anonymous_3)
FNF:4
FNH:4
FNDA:1,(anonymous_0)
FNDA:38,(anonymous_1)
FNDA:31,(anonymous_2)
FNDA:7,(anonymous_3)
DA:1,2
DA:5,1
DA:8,38
DA:9,31
DA:10,20
DA:12,31
DA:13,31
DA:14,31
DA:15,31
DA:19,28
DA:20,24
DA:22,4
DA:24,28
DA:26,3
DA:30,7
DA:31,7
DA:32,7
DA:33,7
DA:37,3
DA:44,2
DA:46,2
DA:47,2
DA:49,2
LF:23
LH:23
BRDA:7,0,0,8
BRDA:7,1,0,13
BRDA:8,2,0,31
BRDA:8,2,1,7
BRDA:9,3,0,20
BRDA:9,3,1,11
BRDA:19,4,0,24
BRDA:19,4,1,4
BRF:8
BRH:8
end_of_record
TN:
SF:D:\GitHub\web-wombat\src\TemplateConnectors\PugConnector\PugConnector.js
FN:4,(anonymous_0)
FN:7,(anonymous_1)
FN:12,(anonymous_2)
FN:29,(anonymous_3)
FNF:4
FNH:4
FNDA:1,(anonymous_0)
FNDA:38,(anonymous_1)
FNDA:31,(anonymous_2)
FNDA:7,(anonymous_3)
DA:1,1
DA:5,1
DA:8,38
DA:9,31
DA:10,20
DA:12,31
DA:13,31
DA:14,31
DA:18,28
DA:19,24
DA:21,4
DA:23,28
DA:25,3
DA:29,7
DA:30,7
DA:31,7
DA:35,4
DA:37,3
DA:44,1
DA:46,1
LF:20
LH:20
BRDA:7,0,0,8
BRDA:7,1,0,13
BRDA:8,2,0,31
BRDA:8,2,1,7
BRDA:9,3,0,20
BRDA:9,3,1,11
BRDA:18,4,0,24
BRDA:18,4,1,4
BRF:8
BRH:8
end_of_record
TN:
SF:D:\GitHub\web-wombat\src\config\Config.js
FN:2,(anonymous_0)
FN:5,(anonymous_1)
FN:11,(anonymous_2)
FN:14,(anonymous_3)
FNF:4
FNH:4
FNDA:1,(anonymous_0)
FNDA:3,(anonymous_1)
FNDA:3,(anonymous_2)
FNDA:1,(anonymous_3)
DA:3,1
DA:6,3
DA:7,2
DA:9,3
DA:12,3
DA:15,1
DA:19,4
DA:20,4
DA:21,4
DA:23,4
LF:10
LH:10
BRDA:6,0,0,2
BRDA:6,0,1,1
BRF:2
BRH:2
end_of_record
TN:
SF:D:\GitHub\web-wombat\src\fieldTypes\BaseField.js
FN:2,(anonymous_0)
FN:9,(anonymous_1)
FN:13,(anonymous_2)
FN:16,(anonymous_3)
FN:20,(anonymous_4)
FN:23,(anonymous_5)
FN:27,(anonymous_6)
FN:30,(anonymous_7)
FN:34,(anonymous_8)
FN:37,(anonymous_9)
FN:41,(anonymous_10)
FN:44,(anonymous_11)
FN:48,(anonymous_12)
FN:53,(anonymous_13)
FN:56,(anonymous_14)
FN:59,(anonymous_15)
FN:64,(anonymous_16)
FN:73,(anonymous_17)
FNF:18
FNH:18
FNDA:8,(anonymous_0)
FNDA:9,(anonymous_1)
FNDA:8,(anonymous_2)
FNDA:9,(anonymous_3)
FNDA:6,(anonymous_4)
FNDA:17,(anonymous_5)
FNDA:22,(anonymous_6)
FNDA:11,(anonymous_7)
FNDA:3,(anonymous_8)
FNDA:13,(anonymous_9)
FNDA:9,(anonymous_10)
FNDA:10,(anonymous_11)
FNDA:19,(anonymous_12)
FNDA:7,(anonymous_13)
FNDA:17,(anonymous_14)
FNDA:6,(anonymous_15)
FNDA:4,(anonymous_16)
FNDA:3,(anonymous_17)
DA:3,8
DA:4,8
DA:5,8
DA:6,8
DA:7,8
DA:10,9
DA:11,9
DA:14,8
DA:17,9
DA:18,9
DA:21,6
DA:24,17
DA:25,17
DA:28,22
DA:31,11
DA:32,11
DA:35,3
DA:38,13
DA:39,13
DA:42,9
DA:45,10
DA:46,10
DA:49,19
DA:50,14
DA:54,7
DA:57,17
DA:60,6
DA:65,4
DA:74,3
DA:78,1
LF:30
LH:30
BRDA:23,0,0,6
BRDA:30,1,0,6
BRDA:37,2,0,6
BRDA:49,3,0,14
BRDA:49,3,1,5
BRDA:50,4,0,10
BRDA:50,4,1,4
BRDA:60,5,0,3
BRDA:60,5,1,3
BRDA:66,6,0,4
BRDA:66,6,1,3
BRDA:66,6,2,3
BRDA:66,6,3,3
BRDA:66,6,4,3
BRF:14
BRH:14
end_of_record
TN:
SF:D:\GitHub\web-wombat\src\fieldTypes\TextField\TextField.js
FN:4,(anonymous_0)
FN:11,(anonymous_1)
FN:16,(anonymous_2)
FNF:3
FNH:3
FNDA:5,(anonymous_0)
FNDA:4,(anonymous_1)
FNDA:3,(anonymous_2)
DA:1,1
DA:5,5
DA:6,5
DA:7,4
DA:9,5
DA:12,4
DA:17,3
DA:18,2
DA:28,1
DA:32,1
LF:10
LH:10
BRDA:6,0,0,4
BRDA:6,0,1,1
BRDA:12,1,0,3
BRDA:12,1,1,1
BRDA:17,2,0,2
BRDA:17,2,1,1
BRF:6
BRH:6
end_of_record
TN:
SF:D:\GitHub\web-wombat\src\middlewares\BaseMiddleware.js
FN:2,(anonymous_0)
FNF:1
FNH:1
FNDA:1,(anonymous_0)
DA:3,1
DA:9,1
LF:2
LH:2
BRF:0
BRH:0
end_of_record
TN:
SF:D:\GitHub\web-wombat\src\middlewares\BodyParserMiddleware\BodyParserMiddleware.js
FN:4,(anonymous_0)
FNF:1
FNH:1
FNDA:6,(anonymous_0)
DA:1,1
DA:5,6
DA:6,4
DA:8,6
DA:12,1
LF:5
LH:5
BRDA:5,0,0,4
BRDA:5,0,1,2
BRF:2
BRH:2
end_of_record
TN:
SF:D:\GitHub\web-wombat\src\middlewares\CookieParserMiddleware\CookieParserMiddleware.js
FN:4,(anonymous_0)
FNF:1
FNH:1
FNDA:6,(anonymous_0)
DA:1,1
DA:5,6
DA:6,6
DA:11,6
DA:15,1
LF:5
LH:5
BRDA:7,0,0,1
BRDA:7,0,1,5
BRF:2
BRH:2
end_of_record
TN:
SF:D:\GitHub\web-wombat\src\middlewares\FormDataParserMiddleware\FormDataParserMiddleware.js
FN:5,(anonymous_0)
FN:9,(anonymous_1)
FN:15,(anonymous_2)
FN:18,(anonymous_3)
FN:24,(anonymous_4)
FNF:5
FNH:5
FNDA:2,(anonymous_0)
FNDA:3,(anonymous_1)
FNDA:2,(anonymous_2)
FNDA:2,(anonymous_3)
FNDA:1,(anonymous_4)
DA:1,2
DA:2,2
DA:6,2
DA:7,2
DA:8,2
DA:9,2
DA:10,3
DA:11,3
DA:12,2
DA:15,2
DA:16,2
DA:18,2
DA:19,2
DA:20,2
DA:22,2
DA:23,1
DA:24,1
DA:25,1
DA:26,1
DA:27,1
DA:33,2
LF:21
LH:21
BRDA:7,0,0,2
BRDA:7,0,1,2
BRDA:11,1,0,2
BRDA:11,1,1,1
BRDA:11,2,0,2
BRDA:11,2,1,1
BRDA:22,3,0,1
BRDA:22,3,1,1
BRDA:22,4,0,2
BRDA:22,4,1,1
BRF:10
BRH:10
end_of_record
TN:
SF:D:\GitHub\web-wombat\src\middlewares\FormMethodParserMiddleware\FormMethodParserMiddleware.js
FN:4,(anonymous_0)
FNF:1
FNH:1
FNDA:2,(anonymous_0)
DA:1,1
DA:5,2
DA:10,1
DA:12,2
DA:16,1
LF:5
LH:5
BRDA:5,0,0,1
BRDA:5,0,1,1
BRDA:6,1,0,2
BRDA:6,1,1,1
BRDA:6,1,2,1
BRF:5
BRH:5
end_of_record
TN:
SF:D:\GitHub\web-wombat\src\middlewares\JsonBodyParserMiddleware\JsonBodyParserMiddleware.js
FN:4,(anonymous_0)
FNF:1
FNH:1
FNDA:2,(anonymous_0)
DA:1,1
DA:5,2
DA:6,1
DA:8,2
DA:12,1
LF:5
LH:5
BRDA:5,0,0,1
BRDA:5,0,1,1
BRDA:5,1,0,2
BRDA:5,1,1,1
BRF:4
BRH:4
end_of_record
TN:
SF:D:\GitHub\web-wombat\src\middlewares\JwtAuthenticationMiddleware\JwtAuthenticationMiddleware.js
FN:5,(anonymous_0)
FNF:1
FNH:1
FNDA:28,(anonymous_0)
DA:1,1
DA:2,1
DA:6,28
DA:7,10
DA:8,10
DA:10,28
DA:11,8
DA:13,28
DA:14,28
DA:15,28
DA:16,28
DA:17,4
DA:18,4
DA:20,24
DA:21,24
DA:22,16
DA:23,16
DA:24,16
DA:25,16
DA:28,8
DA:34,1
LF:21
LH:21
BRDA:6,0,0,10
BRDA:6,0,1,18
BRDA:10,1,0,8
BRDA:10,1,1,20
BRDA:21,2,0,16
BRDA:21,2,1,8
BRF:6
BRH:6
end_of_record
TN:
SF:D:\GitHub\web-wombat\src\middlewares\RedirectUnauthorizedMiddleware\RedirectUnauthorizedMiddleware.js
FN:4,(anonymous_0)
FNF:1
FNH:1
FNDA:14,(anonymous_0)
DA:1,1
DA:5,14
DA:6,10
DA:7,10
DA:8,10
DA:9,7
DA:10,7
DA:11,7
DA:13,10
DA:14,1
DA:15,1
DA:16,1
DA:18,9
DA:19,2
DA:20,2
DA:21,2
DA:22,2
DA:23,2
DA:24,2
DA:28,4
DA:33,1
LF:21
LH:21
BRDA:5,0,0,10
BRDA:5,0,1,4
BRDA:8,1,0,7
BRDA:8,1,1,3
BRDA:8,2,0,10
BRDA:8,2,1,9
BRDA:13,3,0,1
BRDA:13,3,1,9
BRDA:18,4,0,2
BRDA:18,4,1,7
BRDA:20,5,0,1
BRDA:20,5,1,1
BRF:12
BRH:12
end_of_record
TN:
SF:D:\GitHub\web-wombat\src\middlewares\RouteVariableParserMiddleware\RouteVariableParserMiddleware.js
FN:4,(anonymous_0)
FNF:1
FNH:1
FNDA:16,(anonymous_0)
DA:1,1
DA:5,16
DA:6,16
DA:7,16
DA:8,16
DA:9,16
DA:10,14
DA:12,16
DA:13,16
DA:17,1
LF:10
LH:10
BRF:0
BRH:0
end_of_record
TN:
SF:D:\GitHub\web-wombat\src\services\ServiceProvider.js
FN:2,(anonymous_0)
FN:5,(anonymous_1)
FN:8,(anonymous_2)
FN:11,(anonymous_3)
FN:17,(anonymous_4)
FN:22,(anonymous_5)
FNF:6
FNH:4
FNDA:68,(anonymous_0)
FNDA:0,(anonymous_1)
FNDA:0,(anonymous_2)
FNDA:72,(anonymous_3)
FNDA:7,(anonymous_4)
FNDA:4,(anonymous_5)
DA:3,68
DA:6,0
DA:9,0
DA:12,72
DA:13,4
DA:15,72
DA:18,7
DA:19,7
DA:20,7
DA:23,4
DA:27,4
DA:29,4
LF:12
LH:10
BRDA:12,0,0,4
BRDA:12,0,1,68
BRF:2
BRH:2
end_of_record
TN:
SF:D:\GitHub\web-wombat\src\services\AuthenticationService\AuthenticationService.js
FN:4,(anonymous_0)
FN:10,(anonymous_1)
FN:13,(anonymous_2)
FN:16,(anonymous_3)
FNF:4
FNH:4
FNDA:6,(anonymous_0)
FNDA:1,(anonymous_1)
FNDA:1,(anonymous_2)
FNDA:1,(anonymous_3)
DA:1,1
DA:5,6
DA:6,1
DA:8,5
DA:11,1
DA:14,1
DA:17,1
DA:21,1
DA:23,1
LF:9
LH:9
BRDA:5,0,0,1
BRDA:5,0,1,5
BRF:2
BRH:2
end_of_record
TN:
SF:D:\GitHub\web-wombat\src\services\AuthenticationService\AuthenticationSourceInterface.js
FN:2,(anonymous_0)
FN:5,(anonymous_1)
FN:8,(anonymous_2)
FNF:3
FNH:3
FNDA:1,(anonymous_0)
FNDA:1,(anonymous_1)
FNDA:1,(anonymous_2)
DA:3,1
DA:6,1
DA:9,1
DA:13,1
LF:4
LH:4
BRF:0
BRH:0
end_of_record
TN:
SF:D:\GitHub\web-wombat\src\services\AuthenticationService\AuthenticationSources\DatabaseAuthenticationSource.js
FN:5,(anonymous_0)
FN:6,(anonymous_1)
FN:9,(anonymous_2)
FN:12,(anonymous_3)
FN:31,(anonymous_4)
FN:32,(anonymous_5)
FN:35,(anonymous_6)
FN:38,(anonymous_7)
FN:40,(anonymous_8)
FN:48,(anonymous_9)
FN:62,(anonymous_10)
FN:68,(anonymous_11)
FN:69,(anonymous_12)
FN:70,(anonymous_13)
FN:80,(anonymous_14)
FN:83,(anonymous_15)
FN:87,(anonymous_16)
FN:90,(anonymous_17)
FN:94,(anonymous_18)
FN:97,(anonymous_19)
FNF:20
FNH:20
FNDA:4,(anonymous_0)
FNDA:4,(anonymous_1)
FNDA:4,(anonymous_2)
FNDA:2,(anonymous_3)
FNDA:9,(anonymous_4)
FNDA:9,(anonymous_5)
FNDA:9,(anonymous_6)
FNDA:2,(anonymous_7)
FNDA:2,(anonymous_8)
FNDA:3,(anonymous_9)
FNDA:6,(anonymous_10)
FNDA:5,(anonymous_11)
FNDA:5,(anonymous_12)
FNDA:5,(anonymous_13)
FNDA:18,(anonymous_14)
FNDA:8,(anonymous_15)
FNDA:33,(anonymous_16)
FNDA:8,(anonymous_17)
FNDA:20,(anonymous_18)
FNDA:8,(anonymous_19)
DA:1,6
DA:2,6
DA:6,4
DA:7,4
DA:8,4
DA:9,4
DA:10,4
DA:11,3
DA:12,2
DA:13,2
DA:14,1
DA:17,1
DA:22,1
DA:26,1
DA:32,9
DA:33,9
DA:34,9
DA:35,9
DA:36,9
DA:37,8
DA:38,5
DA:39,2
DA:40,2
DA:41,2
DA:42,1
DA:45,1
DA:49,3
DA:53,3
DA:57,1
DA:63,6
DA:64,6
DA:65,6
DA:66,6
DA:69,5
DA:70,5
DA:71,5
DA:72,3
DA:75,2
DA:81,18
DA:84,8
DA:85,8
DA:88,33
DA:91,8
DA:92,8
DA:95,20
DA:98,8
DA:99,8
DA:103,6
DA:104,6
DA:105,6
DA:106,6
DA:108,6
LF:52
LH:52
BRDA:10,0,0,3
BRDA:10,0,1,1
BRDA:11,1,0,2
BRDA:11,1,1,1
BRDA:13,2,0,1
BRDA:13,2,1,1
BRDA:36,3,0,8
BRDA:36,3,1,1
BRDA:37,4,0,5
BRDA:37,4,1,3
BRDA:41,5,0,1
BRDA:41,5,1,1
BRDA:71,6,0,3
BRDA:71,6,1,2
BRF:14
BRH:14
end_of_record
TN:
SF:D:\GitHub\web-wombat\src\services\AuthenticationService\AuthenticationSources\MemoryAuthenticationSource.js
FN:5,(anonymous_0)
FN:6,(anonymous_1)
FN:7,(anonymous_2)
FN:24,(anonymous_3)
FN:27,(anonymous_4)
FN:34,(anonymous_5)
FN:38,(anonymous_6)
FN:39,(anonymous_7)
FN:46,(anonymous_8)
FN:55,(anonymous_9)
FN:61,(anonymous_10)
FN:64,(anonymous_11)
FN:68,(anonymous_12)
FN:71,(anonymous_13)
FNF:14
FNH:14
FNDA:3,(anonymous_0)
FNDA:3,(anonymous_1)
FNDA:4,(anonymous_2)
FNDA:38,(anonymous_3)
FNDA:23,(anonymous_4)
FNDA:18,(anonymous_5)
FNDA:14,(anonymous_6)
FNDA:14,(anonymous_7)
FNDA:4,(anonymous_8)
FNDA:6,(anonymous_9)
FNDA:37,(anonymous_10)
FNDA:1,(anonymous_11)
FNDA:26,(anonymous_12)
FNDA:1,(anonymous_13)
DA:1,1
DA:2,1
DA:6,3
DA:7,3
DA:8,4
DA:10,3
DA:11,3
DA:12,2
DA:13,1
DA:16,1
DA:20,1
DA:25,38
DA:28,23
DA:29,23
DA:30,6
DA:32,23
DA:35,18
DA:36,18
DA:39,14
DA:40,14
DA:41,1
DA:43,14
DA:44,1
DA:46,14
DA:47,4
DA:49,1
DA:51,14
DA:52,14
DA:56,6
DA:57,6
DA:58,6
DA:59,6
DA:62,37
DA:65,1
DA:66,1
DA:69,26
DA:72,1
DA:73,1
DA:77,1
DA:78,1
DA:79,1
DA:81,1
LF:42
LH:42
BRDA:10,0,0,2
BRDA:10,0,1,1
BRDA:11,1,0,2
BRDA:11,1,1,1
BRDA:12,2,0,1
BRDA:12,2,1,1
BRDA:40,3,0,1
BRDA:40,3,1,13
BRDA:43,4,0,1
BRDA:43,4,1,13
BRDA:46,5,0,1
BRDA:46,5,1,13
BRF:12
BRH:12
end_of_record
TN:
SF:D:\GitHub\web-wombat\src\services\CookieService\CookieService.js
FN:2,(anonymous_0)
FNF:1
FNH:1
FNDA:3,(anonymous_0)
DA:3,3
DA:4,3
DA:5,3
DA:6,3
DA:7,1
DA:8,1
DA:9,0
DA:10,0
DA:13,1
DA:16,3
DA:17,3
DA:19,3
DA:20,3
DA:24,1
DA:26,1
LF:15
LH:13
BRDA:8,0,0,0
BRDA:8,0,1,1
BRDA:16,1,0,3
BRDA:16,1,1,0
BRF:4
BRH:2
end_of_record
TN:
SF:D:\GitHub\web-wombat\src\services\RouteService\RouteService.js
FN:5,(anonymous_0)
FN:8,(anonymous_1)
FN:11,(anonymous_2)
FN:29,(anonymous_3)
FN:38,(anonymous_4)
FNF:5
FNH:5
FNDA:21,(anonymous_0)
FNDA:36,(anonymous_1)
FNDA:19,(anonymous_2)
FNDA:87,(anonymous_3)
FNDA:14,(anonymous_4)
DA:1,1
DA:2,1
DA:6,21
DA:9,36
DA:12,19
DA:13,17
DA:15,19
DA:16,27
DA:17,2
DA:18,2
DA:19,1
DA:21,1
DA:23,25
DA:24,25
DA:25,17
DA:30,87
DA:31,86
DA:33,87
DA:34,2
DA:36,87
DA:39,14
DA:40,11
DA:42,14
DA:43,23
DA:44,23
DA:45,23
DA:47,3
DA:48,1
DA:50,3
DA:51,2
DA:53,3
DA:58,3
DA:59,2
DA:61,1
DA:63,20
DA:64,11
DA:70,1
LF:37
LH:37
BRDA:12,0,0,17
BRDA:12,0,1,2
BRDA:16,1,0,2
BRDA:16,1,1,25
BRDA:18,2,0,1
BRDA:18,2,1,1
BRDA:24,3,0,17
BRDA:24,3,1,8
BRDA:30,4,0,86
BRDA:30,4,1,1
BRDA:33,5,0,2
BRDA:33,5,1,85
BRDA:39,6,0,11
BRDA:39,6,1,3
BRDA:45,7,0,3
BRDA:45,7,1,20
BRDA:45,8,0,23
BRDA:45,8,1,22
BRDA:47,9,0,1
BRDA:47,9,1,2
BRDA:50,10,0,2
BRDA:50,10,1,1
BRDA:58,11,0,2
BRDA:58,11,1,1
BRDA:63,12,0,11
BRDA:63,12,1,9
BRF:26
BRH:26
end_of_record
TN:
SF:D:\GitHub\web-wombat\src\services\SessionService\SessionService.js
FN:2,(anonymous_0)
FN:5,(anonymous_1)
FN:8,(anonymous_2)
FN:14,(anonymous_3)
FN:17,(anonymous_4)
FN:22,(anonymous_5)
FN:25,(anonymous_6)
FN:28,(anonymous_7)
FN:38,(anonymous_8)
FN:41,(anonymous_9)
FNF:10
FNH:0
FNDA:0,(anonymous_0)
FNDA:0,(anonymous_1)
FNDA:0,(anonymous_2)
FNDA:0,(anonymous_3)
FNDA:0,(anonymous_4)
FNDA:0,(anonymous_5)
FNDA:0,(anonymous_6)
FNDA:0,(anonymous_7)
FNDA:0,(anonymous_8)
FNDA:0,(anonymous_9)
DA:3,0
DA:6,0
DA:9,0
DA:10,0
DA:12,0
DA:15,0
DA:18,0
DA:19,0
DA:20,0
DA:23,0
DA:26,0
DA:30,0
DA:31,0
DA:32,0
DA:33,0
DA:36,0
DA:39,0
DA:42,0
DA:46,1
DA:48,1
DA:50,1
DA:52,1
DA:54,1
LF:23
LH:5
BRDA:9,0,0,0
BRDA:9,0,1,0
BRDA:28,1,0,0
BRDA:28,2,0,0
BRF:4
BRH:0
end_of_record
TN:
SF:D:\GitHub\web-wombat\tests\unitTests\authenticationService.js
FN:4,(anonymous_0)
FN:8,(anonymous_1)
FN:16,(anonymous_2)
FN:17,(anonymous_3)
FN:18,(anonymous_4)
FN:19,(anonymous_5)
FN:23,(anonymous_6)
FN:24,(anonymous_7)
FN:29,(anonymous_8)
FN:30,(anonymous_9)
FN:37,(anonymous_10)
FN:38,(anonymous_11)
FN:41,(anonymous_12)
FN:44,(anonymous_13)
FN:52,(anonymous_14)
FN:53,(anonymous_15)
FN:60,(anonymous_16)
FN:62,(anonymous_17)
FN:66,(anonymous_18)
FN:69,(anonymous_19)
FN:76,(anonymous_20)
FN:77,(anonymous_21)
FN:84,(anonymous_22)
FN:87,(anonymous_23)
FN:92,(anonymous_24)
FN:95,(anonymous_25)
FNF:26
FNH:26
FNDA:1,(anonymous_0)
FNDA:1,(anonymous_1)
FNDA:1,(anonymous_2)
FNDA:1,(anonymous_3)
FNDA:1,(anonymous_4)
FNDA:1,(anonymous_5)
FNDA:1,(anonymous_6)
FNDA:1,(anonymous_7)
FNDA:1,(anonymous_8)
FNDA:1,(anonymous_9)
FNDA:1,(anonymous_10)
FNDA:1,(anonymous_11)
FNDA:1,(anonymous_12)
FNDA:1,(anonymous_13)
FNDA:1,(anonymous_14)
FNDA:1,(anonymous_15)
FNDA:1,(anonymous_16)
FNDA:1,(anonymous_17)
FNDA:1,(anonymous_18)
FNDA:1,(anonymous_19)
FNDA:1,(anonymous_20)
FNDA:1,(anonymous_21)
FNDA:1,(anonymous_22)
FNDA:1,(anonymous_23)
FNDA:1,(anonymous_24)
FNDA:1,(anonymous_25)
DA:1,1
DA:2,1
DA:4,1
DA:5,1
DA:8,1
DA:13,1
DA:14,1
DA:16,1
DA:17,1
DA:18,1
DA:19,1
DA:20,1
DA:23,1
DA:24,1
DA:25,1
DA:29,1
DA:30,1
DA:33,1
DA:34,1
DA:35,1
DA:37,1
DA:38,1
DA:39,1
DA:41,1
DA:42,1
DA:44,1
DA:45,1
DA:52,1
DA:53,1
DA:56,1
DA:57,1
DA:58,1
DA:60,1
DA:62,1
DA:63,1
DA:64,1
DA:66,1
DA:67,1
DA:69,1
DA:70,1
DA:76,1
DA:77,1
DA:80,1
DA:81,1
DA:82,1
DA:84,1
DA:87,1
DA:88,1
DA:89,1
DA:90,1
DA:92,1
DA:93,1
DA:95,1
DA:96,1
LF:54
LH:54
BRF:0
BRH:0
end_of_record
TN:
SF:D:\GitHub\web-wombat\tests\unitTests\authenticationSourceInterface.js
FN:3,(anonymous_0)
FN:6,(anonymous_1)
FN:11,(anonymous_2)
FN:12,(anonymous_3)
FN:15,(anonymous_4)
FN:18,(anonymous_5)
FN:22,(anonymous_6)
FN:23,(anonymous_7)
FN:26,(anonymous_8)
FN:29,(anonymous_9)
FNF:10
FNH:10
FNDA:1,(anonymous_0)
FNDA:1,(anonymous_1)
FNDA:1,(anonymous_2)
FNDA:1,(anonymous_3)
FNDA:1,(anonymous_4)
FNDA:1,(anonymous_5)
FNDA:1,(anonymous_6)
FNDA:1,(anonymous_7)
FNDA:1,(anonymous_8)
FNDA:1,(anonymous_9)
DA:1,1
DA:3,1
DA:4,1
DA:6,1
DA:9,1
DA:11,1
DA:12,1
DA:13,1
DA:15,1
DA:16,1
DA:18,1
DA:19,1
DA:22,1
DA:23,1
DA:24,1
DA:26,1
DA:27,1
DA:29,1
DA:30,1
LF:19
LH:19
BRF:0
BRH:0
end_of_record
TN:
SF:D:\GitHub\web-wombat\tests\unitTests\baseCollection.js
FN:4,(anonymous_0)
FN:6,(anonymous_1)
FN:9,(anonymous_2)
FN:12,(anonymous_3)
FN:13,(anonymous_4)
FN:16,(anonymous_5)
FN:20,(anonymous_6)
FN:21,(anonymous_7)
FN:24,(anonymous_8)
FN:27,(anonymous_9)
FN:30,(anonymous_10)
FN:33,(anonymous_11)
FN:36,(anonymous_12)
FN:40,(anonymous_13)
FN:42,(anonymous_14)
FN:44,(anonymous_15)
FN:50,(anonymous_16)
FN:51,(anonymous_17)
FN:52,(anonymous_18)
FN:60,(anonymous_19)
FN:70,(anonymous_20)
FN:71,(anonymous_21)
FN:74,(anonymous_22)
FN:79,(anonymous_23)
FN:82,(anonymous_24)
FN:86,(anonymous_25)
FN:87,(anonymous_26)
FN:93,(anonymous_27)
FN:97,(anonymous_28)
FN:101,(anonymous_29)
FN:106,(anonymous_30)
FN:109,(anonymous_31)
FN:110,(anonymous_32)
FN:111,(anonymous_33)
FN:113,(anonymous_34)
FN:114,(anonymous_35)
FN:119,(anonymous_36)
FN:120,(anonymous_37)
FN:125,(anonymous_38)
FN:126,(anonymous_39)
FN:130,(anonymous_40)
FN:131,(anonymous_41)
FN:136,(anonymous_42)
FN:137,(anonymous_43)
FN:139,(anonymous_44)
FN:143,(anonymous_45)
FN:144,(anonymous_46)
FN:148,(anonymous_47)
FN:149,(anonymous_48)
FN:156,(anonymous_49)
FN:158,(anonymous_50)
FN:162,(anonymous_51)
FN:163,(anonymous_52)
FN:164,(anonymous_53)
FN:168,(anonymous_54)
FN:169,(anonymous_55)
FN:176,(anonymous_56)
FN:177,(anonymous_57)
FN:178,(anonymous_58)
FN:181,(anonymous_59)
FN:182,(anonymous_60)
FN:186,(anonymous_61)
FN:187,(anonymous_62)
FN:193,(anonymous_63)
FN:194,(anonymous_64)
FN:195,(anonymous_65)
FN:200,(anonymous_66)
FN:201,(anonymous_67)
FN:205,(anonymous_68)
FN:210,(anonymous_69)
FN:211,(anonymous_70)
FN:218,(anonymous_71)
FN:221,(anonymous_72)
FN:222,(anonymous_73)
FN:223,(anonymous_74)
FN:227,(anonymous_75)
FN:228,(anonymous_76)
FN:232,(anonymous_77)
FN:233,(anonymous_78)
FN:237,(anonymous_79)
FN:238,(anonymous_80)
FN:243,(anonymous_81)
FN:246,(anonymous_82)
FN:250,(anonymous_83)
FN:251,(anonymous_84)
FN:257,(anonymous_85)
FN:258,(anonymous_86)
FN:262,(anonymous_87)
FN:263,(anonymous_88)
FN:267,(anonymous_89)
FN:268,(anonymous_90)
FN:275,(anonymous_91)
FN:280,(anonymous_92)
FN:286,(anonymous_93)
FN:296,(anonymous_94)
FN:302,(anonymous_95)
FN:307,(anonymous_96)
FN:308,(anonymous_97)
FN:311,(anonymous_98)
FN:314,(anonymous_99)
FN:317,(anonymous_100)
FN:320,(anonymous_101)
FN:334,(anonymous_102)
FN:338,(anonymous_103)
FN:347,(anonymous_104)
FN:352,(anonymous_105)
FN:353,(anonymous_106)
FN:356,(anonymous_107)
FN:360,(anonymous_108)
FN:361,(anonymous_109)
FN:362,(anonymous_110)
FN:366,(anonymous_111)
FN:367,(anonymous_112)
FN:372,(anonymous_113)
FN:374,(anonymous_114)
FN:378,(anonymous_115)
FN:379,(anonymous_116)
FN:383,(anonymous_117)
FN:384,(anonymous_118)
FNF:119
FNH:119
FNDA:1,(anonymous_0)
FNDA:1,(anonymous_1)
FNDA:1,(anonymous_2)
FNDA:1,(anonymous_3)
FNDA:1,(anonymous_4)
FNDA:1,(anonymous_5)
FNDA:1,(anonymous_6)
FNDA:1,(anonymous_7)
FNDA:1,(anonymous_8)
FNDA:1,(anonymous_9)
FNDA:1,(anonymous_10)
FNDA:1,(anonymous_11)
FNDA:1,(anonymous_12)
FNDA:1,(anonymous_13)
FNDA:35,(anonymous_14)
FNDA:6,(anonymous_15)
FNDA:1,(anonymous_16)
FNDA:1,(anonymous_17)
FNDA:1,(anonymous_18)
FNDA:1,(anonymous_19)
FNDA:1,(anonymous_20)
FNDA:1,(anonymous_21)
FNDA:1,(anonymous_22)
FNDA:1,(anonymous_23)
FNDA:1,(anonymous_24)
FNDA:1,(anonymous_25)
FNDA:1,(anonymous_26)
FNDA:1,(anonymous_27)
FNDA:8,(anonymous_28)
FNDA:6,(anonymous_29)
FNDA:1,(anonymous_30)
FNDA:1,(anonymous_31)
FNDA:1,(anonymous_32)
FNDA:3,(anonymous_33)
FNDA:3,(anonymous_34)
FNDA:3,(anonymous_35)
FNDA:1,(anonymous_36)
FNDA:1,(anonymous_37)
FNDA:1,(anonymous_38)
FNDA:1,(anonymous_39)
FNDA:1,(anonymous_40)
FNDA:1,(anonymous_41)
FNDA:1,(anonymous_42)
FNDA:1,(anonymous_43)
FNDA:2,(anonymous_44)
FNDA:1,(anonymous_45)
FNDA:1,(anonymous_46)
FNDA:1,(anonymous_47)
FNDA:1,(anonymous_48)
FNDA:1,(anonymous_49)
FNDA:2,(anonymous_50)
FNDA:1,(anonymous_51)
FNDA:1,(anonymous_52)
FNDA:1,(anonymous_53)
FNDA:1,(anonymous_54)
FNDA:1,(anonymous_55)
FNDA:1,(anonymous_56)
FNDA:1,(anonymous_57)
FNDA:1,(anonymous_58)
FNDA:1,(anonymous_59)
FNDA:1,(anonymous_60)
FNDA:1,(anonymous_61)
FNDA:1,(anonymous_62)
FNDA:1,(anonymous_63)
FNDA:1,(anonymous_64)
FNDA:1,(anonymous_65)
FNDA:1,(anonymous_66)
FNDA:1,(anonymous_67)
FNDA:8,(anonymous_68)
FNDA:5,(anonymous_69)
FNDA:5,(anonymous_70)
FNDA:1,(anonymous_71)
FNDA:1,(anonymous_72)
FNDA:1,(anonymous_73)
FNDA:1,(anonymous_74)
FNDA:1,(anonymous_75)
FNDA:1,(anonymous_76)
FNDA:1,(anonymous_77)
FNDA:1,(anonymous_78)
FNDA:1,(anonymous_79)
FNDA:1,(anonymous_80)
FNDA:1,(anonymous_81)
FNDA:3,(anonymous_82)
FNDA:3,(anonymous_83)
FNDA:3,(anonymous_84)
FNDA:1,(anonymous_85)
FNDA:1,(anonymous_86)
FNDA:1,(anonymous_87)
FNDA:1,(anonymous_88)
FNDA:1,(anonymous_89)
FNDA:1,(anonymous_90)
FNDA:1,(anonymous_91)
FNDA:5,(anonymous_92)
FNDA:6,(anonymous_93)
FNDA:6,(anonymous_94)
FNDA:6,(anonymous_95)
FNDA:1,(anonymous_96)
FNDA:1,(anonymous_97)
FNDA:1,(anonymous_98)
FNDA:1,(anonymous_99)
FNDA:1,(anonymous_100)
FNDA:1,(anonymous_101)
FNDA:1,(anonymous_102)
FNDA:6,(anonymous_103)
FNDA:6,(anonymous_104)
FNDA:1,(anonymous_105)
FNDA:1,(anonymous_106)
FNDA:1,(anonymous_107)
FNDA:1,(anonymous_108)
FNDA:1,(anonymous_109)
FNDA:1,(anonymous_110)
FNDA:1,(anonymous_111)
FNDA:1,(anonymous_112)
FNDA:1,(anonymous_113)
FNDA:2,(anonymous_114)
FNDA:1,(anonymous_115)
FNDA:1,(anonymous_116)
FNDA:1,(anonymous_117)
FNDA:1,(anonymous_118)
DA:1,1
DA:2,1
DA:4,1
DA:6,1
DA:7,1
DA:9,1
DA:10,1
DA:12,1
DA:13,1
DA:14,1
DA:16,1
DA:17,1
DA:20,1
DA:21,1
DA:22,1
DA:24,1
DA:25,1
DA:27,1
DA:28,1
DA:30,1
DA:31,1
DA:33,1
DA:34,1
DA:36,1
DA:37,1
DA:40,1
DA:42,1
DA:45,6
DA:48,35
DA:50,1
DA:51,1
DA:52,1
DA:53,1
DA:54,1
DA:57,1
DA:60,1
DA:61,1
DA:62,1
DA:65,1
DA:66,1
DA:70,1
DA:71,1
DA:74,1
DA:75,1
DA:76,1
DA:77,1
DA:79,1
DA:80,1
DA:82,1
DA:83,1
DA:86,1
DA:87,1
DA:88,1
DA:93,1
DA:97,1
DA:98,8
DA:99,8
DA:100,8
DA:102,6
DA:106,1
DA:107,1
DA:109,1
DA:110,1
DA:111,1
DA:112,3
DA:113,3
DA:114,3
DA:115,3
DA:119,1
DA:120,1
DA:121,1
DA:122,1
DA:125,1
DA:126,1
DA:127,1
DA:130,1
DA:131,1
DA:132,1
DA:136,1
DA:137,1
DA:139,1
DA:140,2
DA:141,2
DA:143,1
DA:144,1
DA:145,1
DA:148,1
DA:149,1
DA:150,1
DA:156,1
DA:158,1
DA:159,2
DA:160,2
DA:162,1
DA:163,1
DA:164,1
DA:165,1
DA:168,1
DA:169,1
DA:170,1
DA:176,1
DA:177,1
DA:178,1
DA:179,1
DA:181,1
DA:182,1
DA:183,1
DA:186,1
DA:187,1
DA:188,1
DA:193,1
DA:194,1
DA:195,1
DA:196,1
DA:200,1
DA:201,1
DA:205,1
DA:206,8
DA:207,8
DA:208,8
DA:209,8
DA:211,5
DA:212,5
DA:213,5
DA:218,1
DA:219,1
DA:221,1
DA:222,1
DA:223,1
DA:224,1
DA:227,1
DA:228,1
DA:229,1
DA:232,1
DA:233,1
DA:234,1
DA:237,1
DA:238,1
DA:239,1
DA:243,1
DA:246,1
DA:247,3
DA:248,3
DA:249,3
DA:251,3
DA:252,3
DA:257,1
DA:258,1
DA:259,1
DA:262,1
DA:263,1
DA:264,1
DA:267,1
DA:268,1
DA:269,1
DA:275,1
DA:280,1
DA:281,5
DA:282,5
DA:283,5
DA:286,5
DA:287,6
DA:296,5
DA:297,6
DA:301,5
DA:305,5
DA:307,1
DA:308,1
DA:309,1
DA:311,1
DA:312,1
DA:314,1
DA:315,1
DA:317,1
DA:318,1
DA:320,1
DA:321,1
DA:334,1
DA:338,1
DA:339,6
DA:340,6
DA:345,6
DA:346,6
DA:348,6
DA:352,1
DA:353,1
DA:354,1
DA:356,1
DA:357,1
DA:358,1
DA:360,1
DA:361,1
DA:362,1
DA:363,1
DA:366,1
DA:367,1
DA:368,1
DA:372,1
DA:374,1
DA:375,2
DA:376,2
DA:378,1
DA:379,1
DA:380,1
DA:383,1
DA:384,1
DA:385,1
LF:207
LH:207
BRF:0
BRH:0
end_of_record
TN:
SF:D:\GitHub\web-wombat\tests\unitTests\baseController.js
FN:6,(anonymous_0)
FN:8,(anonymous_1)
FN:11,(anonymous_2)
FN:12,(anonymous_3)
FN:15,(anonymous_4)
FN:18,(anonymous_5)
FN:21,(anonymous_6)
FN:24,(anonymous_7)
FN:28,(anonymous_8)
FN:29,(anonymous_9)
FN:32,(anonymous_10)
FN:36,(anonymous_11)
FN:41,(anonymous_12)
FN:46,(anonymous_13)
FN:57,(anonymous_14)
FN:59,(anonymous_15)
FN:62,(anonymous_16)
FN:65,(anonymous_17)
FN:69,(anonymous_18)
FN:73,(anonymous_19)
FN:74,(anonymous_20)
FN:76,(anonymous_21)
FN:79,(anonymous_22)
FN:83,(anonymous_23)
FN:84,(anonymous_24)
FN:86,(anonymous_25)
FN:90,(anonymous_26)
FN:93,(anonymous_27)
FN:99,(anonymous_28)
FN:103,(anonymous_29)
FN:105,(anonymous_30)
FN:108,(anonymous_31)
FN:114,(anonymous_32)
FN:123,(anonymous_33)
FNF:34
FNH:34
FNDA:1,(anonymous_0)
FNDA:1,(anonymous_1)
FNDA:1,(anonymous_2)
FNDA:1,(anonymous_3)
FNDA:1,(anonymous_4)
FNDA:1,(anonymous_5)
FNDA:1,(anonymous_6)
FNDA:1,(anonymous_7)
FNDA:1,(anonymous_8)
FNDA:1,(anonymous_9)
FNDA:1,(anonymous_10)
FNDA:1,(anonymous_11)
FNDA:1,(anonymous_12)
FNDA:7,(anonymous_13)
FNDA:1,(anonymous_14)
FNDA:2,(anonymous_15)
FNDA:1,(anonymous_16)
FNDA:1,(anonymous_17)
FNDA:2,(anonymous_18)
FNDA:1,(anonymous_19)
FNDA:5,(anonymous_20)
FNDA:6,(anonymous_21)
FNDA:5,(anonymous_22)
FNDA:1,(anonymous_23)
FNDA:1,(anonymous_24)
FNDA:3,(anonymous_25)
FNDA:1,(anonymous_26)
FNDA:1,(anonymous_27)
FNDA:1,(anonymous_28)
FNDA:1,(anonymous_29)
FNDA:1,(anonymous_30)
FNDA:1,(anonymous_31)
FNDA:1,(anonymous_32)
FNDA:5,(anonymous_33)
DA:1,1
DA:2,1
DA:3,1
DA:4,1
DA:6,1
DA:8,1
DA:9,1
DA:11,1
DA:12,1
DA:13,1
DA:15,1
DA:16,1
DA:18,1
DA:19,1
DA:21,1
DA:22,1
DA:24,1
DA:25,1
DA:28,1
DA:29,1
DA:30,1
DA:32,1
DA:33,1
DA:36,1
DA:41,1
DA:44,1
DA:46,1
DA:47,7
DA:54,7
DA:55,7
DA:57,1
DA:58,1
DA:59,1
DA:60,2
DA:62,1
DA:63,1
DA:65,1
DA:66,1
DA:67,1
DA:69,1
DA:70,2
DA:73,1
DA:74,1
DA:75,5
DA:76,5
DA:77,6
DA:79,5
DA:80,5
DA:83,1
DA:84,1
DA:86,1
DA:87,3
DA:88,3
DA:90,1
DA:91,1
DA:93,1
DA:94,1
DA:99,1
DA:100,1
DA:103,1
DA:105,1
DA:106,1
DA:108,1
DA:109,1
DA:110,1
DA:114,1
DA:115,1
DA:116,1
DA:117,1
DA:123,1
DA:124,5
LF:71
LH:71
BRF:0
BRH:0
end_of_record
TN:
SF:D:\GitHub\web-wombat\tests\unitTests\baseDocument.js
FN:4,(anonymous_0)
FN:6,(anonymous_1)
FN:9,(anonymous_2)
FN:12,(anonymous_3)
FN:13,(anonymous_4)
FN:16,(anonymous_5)
FN:19,(anonymous_6)
FN:22,(anonymous_7)
FN:25,(anonymous_8)
FN:28,(anonymous_9)
FN:32,(anonymous_10)
FN:33,(anonymous_11)
FN:37,(anonymous_12)
FN:39,(anonymous_13)
FN:44,(anonymous_14)
FN:46,(anonymous_15)
FN:49,(anonymous_16)
FN:50,(anonymous_17)
FN:51,(anonymous_18)
FN:52,(anonymous_19)
FN:56,(anonymous_20)
FN:59,(anonymous_21)
FN:63,(anonymous_22)
FN:64,(anonymous_23)
FN:69,(anonymous_24)
FN:72,(anonymous_25)
FN:77,(anonymous_26)
FN:78,(anonymous_27)
FN:81,(anonymous_28)
FN:86,(anonymous_29)
FN:88,(anonymous_30)
FN:91,(anonymous_31)
FN:92,(anonymous_32)
FN:93,(anonymous_33)
FN:97,(anonymous_34)
FN:100,(anonymous_35)
FN:104,(anonymous_36)
FN:105,(anonymous_37)
FN:110,(anonymous_38)
FN:113,(anonymous_39)
FN:118,(anonymous_40)
FN:122,(anonymous_41)
FN:126,(anonymous_42)
FN:134,(anonymous_43)
FN:137,(anonymous_44)
FN:142,(anonymous_45)
FN:146,(anonymous_46)
FN:150,(anonymous_47)
FN:154,(anonymous_48)
FN:163,(anonymous_49)
FN:166,(anonymous_50)
FN:170,(anonymous_51)
FN:174,(anonymous_52)
FN:178,(anonymous_53)
FN:187,(anonymous_54)
FN:190,(anonymous_55)
FN:194,(anonymous_56)
FN:199,(anonymous_57)
FN:203,(anonymous_58)
FN:218,(anonymous_59)
FN:221,(anonymous_60)
FN:225,(anonymous_61)
FN:231,(anonymous_62)
FN:247,(anonymous_63)
FN:250,(anonymous_64)
FN:255,(anonymous_65)
FN:259,(anonymous_66)
FN:260,(anonymous_67)
FN:261,(anonymous_68)
FN:264,(anonymous_69)
FN:268,(anonymous_70)
FN:272,(anonymous_71)
FN:274,(anonymous_72)
FN:277,(anonymous_73)
FN:280,(anonymous_74)
FN:284,(anonymous_75)
FN:286,(anonymous_76)
FN:290,(anonymous_77)
FN:293,(anonymous_78)
FN:296,(anonymous_79)
FN:301,(anonymous_80)
FN:302,(anonymous_81)
FN:305,(anonymous_82)
FN:306,(anonymous_83)
FN:310,(anonymous_84)
FN:311,(anonymous_85)
FN:316,(anonymous_86)
FN:320,(anonymous_87)
FN:321,(anonymous_88)
FN:324,(anonymous_89)
FN:328,(anonymous_90)
FN:334,(anonymous_91)
FN:337,(anonymous_92)
FN:338,(anonymous_93)
FN:341,(anonymous_94)
FN:344,(anonymous_95)
FN:347,(anonymous_96)
FN:351,(anonymous_97)
FN:352,(anonymous_98)
FN:356,(anonymous_99)
FN:359,(anonymous_100)
FN:362,(anonymous_101)
FN:366,(anonymous_102)
FN:370,(anonymous_103)
FN:371,(anonymous_104)
FN:375,(anonymous_105)
FN:379,(anonymous_106)
FN:381,(anonymous_107)
FN:384,(anonymous_108)
FN:387,(anonymous_109)
FN:394,(anonymous_110)
FN:397,(anonymous_111)
FN:401,(anonymous_112)
FN:405,(anonymous_113)
FN:414,(anonymous_114)
FN:417,(anonymous_115)
FN:421,(anonymous_116)
FN:425,(anonymous_117)
FN:427,(anonymous_118)
FN:430,(anonymous_119)
FN:433,(anonymous_120)
FN:440,(anonymous_121)
FN:445,(anonymous_122)
FN:449,(anonymous_123)
FN:452,(anonymous_124)
FN:459,(anonymous_125)
FN:464,(anonymous_126)
FN:468,(anonymous_127)
FNF:128
FNH:128
FNDA:1,(anonymous_0)
FNDA:1,(anonymous_1)
FNDA:1,(anonymous_2)
FNDA:1,(anonymous_3)
FNDA:1,(anonymous_4)
FNDA:1,(anonymous_5)
FNDA:1,(anonymous_6)
FNDA:1,(anonymous_7)
FNDA:1,(anonymous_8)
FNDA:1,(anonymous_9)
FNDA:1,(anonymous_10)
FNDA:1,(anonymous_11)
FNDA:1,(anonymous_12)
FNDA:32,(anonymous_13)
FNDA:1,(anonymous_14)
FNDA:12,(anonymous_15)
FNDA:1,(anonymous_16)
FNDA:1,(anonymous_17)
FNDA:1,(anonymous_18)
FNDA:1,(anonymous_19)
FNDA:1,(anonymous_20)
FNDA:1,(anonymous_21)
FNDA:1,(anonymous_22)
FNDA:1,(anonymous_23)
FNDA:1,(anonymous_24)
FNDA:1,(anonymous_25)
FNDA:1,(anonymous_26)
FNDA:1,(anonymous_27)
FNDA:1,(anonymous_28)
FNDA:1,(anonymous_29)
FNDA:8,(anonymous_30)
FNDA:1,(anonymous_31)
FNDA:1,(anonymous_32)
FNDA:1,(anonymous_33)
FNDA:1,(anonymous_34)
FNDA:1,(anonymous_35)
FNDA:1,(anonymous_36)
FNDA:1,(anonymous_37)
FNDA:1,(anonymous_38)
FNDA:1,(anonymous_39)
FNDA:1,(anonymous_40)
FNDA:2,(anonymous_41)
FNDA:2,(anonymous_42)
FNDA:1,(anonymous_43)
FNDA:1,(anonymous_44)
FNDA:2,(anonymous_45)
FNDA:1,(anonymous_46)
FNDA:1,(anonymous_47)
FNDA:1,(anonymous_48)
FNDA:1,(anonymous_49)
FNDA:1,(anonymous_50)
FNDA:1,(anonymous_51)
FNDA:1,(anonymous_52)
FNDA:1,(anonymous_53)
FNDA:1,(anonymous_54)
FNDA:1,(anonymous_55)
FNDA:1,(anonymous_56)
FNDA:1,(anonymous_57)
FNDA:1,(anonymous_58)
FNDA:1,(anonymous_59)
FNDA:1,(anonymous_60)
FNDA:1,(anonymous_61)
FNDA:1,(anonymous_62)
FNDA:1,(anonymous_63)
FNDA:1,(anonymous_64)
FNDA:12,(anonymous_65)
FNDA:1,(anonymous_66)
FNDA:1,(anonymous_67)
FNDA:1,(anonymous_68)
FNDA:1,(anonymous_69)
FNDA:1,(anonymous_70)
FNDA:1,(anonymous_71)
FNDA:1,(anonymous_72)
FNDA:1,(anonymous_73)
FNDA:1,(anonymous_74)
FNDA:1,(anonymous_75)
FNDA:1,(anonymous_76)
FNDA:1,(anonymous_77)
FNDA:1,(anonymous_78)
FNDA:1,(anonymous_79)
FNDA:1,(anonymous_80)
FNDA:2,(anonymous_81)
FNDA:1,(anonymous_82)
FNDA:1,(anonymous_83)
FNDA:1,(anonymous_84)
FNDA:1,(anonymous_85)
FNDA:2,(anonymous_86)
FNDA:1,(anonymous_87)
FNDA:8,(anonymous_88)
FNDA:1,(anonymous_89)
FNDA:1,(anonymous_90)
FNDA:6,(anonymous_91)
FNDA:1,(anonymous_92)
FNDA:3,(anonymous_93)
FNDA:1,(anonymous_94)
FNDA:1,(anonymous_95)
FNDA:1,(anonymous_96)
FNDA:1,(anonymous_97)
FNDA:3,(anonymous_98)
FNDA:1,(anonymous_99)
FNDA:1,(anonymous_100)
FNDA:1,(anonymous_101)
FNDA:6,(anonymous_102)
FNDA:1,(anonymous_103)
FNDA:1,(anonymous_104)
FNDA:8,(anonymous_105)
FNDA:1,(anonymous_106)
FNDA:4,(anonymous_107)
FNDA:1,(anonymous_108)
FNDA:2,(anonymous_109)
FNDA:1,(anonymous_110)
FNDA:1,(anonymous_111)
FNDA:1,(anonymous_112)
FNDA:2,(anonymous_113)
FNDA:1,(anonymous_114)
FNDA:1,(anonymous_115)
FNDA:4,(anonymous_116)
FNDA:1,(anonymous_117)
FNDA:2,(anonymous_118)
FNDA:1,(anonymous_119)
FNDA:1,(anonymous_120)
FNDA:1,(anonymous_121)
FNDA:1,(anonymous_122)
FNDA:1,(anonymous_123)
FNDA:1,(anonymous_124)
FNDA:1,(anonymous_125)
FNDA:1,(anonymous_126)
FNDA:2,(anonymous_127)
DA:1,1
DA:2,1
DA:4,1
DA:6,1
DA:7,1
DA:9,1
DA:10,1
DA:12,1
DA:13,1
DA:14,1
DA:16,1
DA:17,1
DA:19,1
DA:20,1
DA:22,1
DA:23,1
DA:25,1
DA:26,1
DA:28,1
DA:29,1
DA:32,1
DA:33,1
DA:34,1
DA:37,1
DA:39,1
DA:42,32
DA:44,1
DA:46,1
DA:47,12
DA:49,1
DA:50,1
DA:51,1
DA:52,1
DA:53,1
DA:54,1
DA:56,1
DA:57,1
DA:59,1
DA:60,1
DA:63,1
DA:64,1
DA:65,1
DA:66,1
DA:67,1
DA:69,1
DA:70,1
DA:72,1
DA:73,1
DA:77,1
DA:78,1
DA:79,1
DA:81,1
DA:82,1
DA:86,1
DA:88,1
DA:89,8
DA:91,1
DA:92,1
DA:93,1
DA:94,1
DA:95,1
DA:97,1
DA:98,1
DA:100,1
DA:101,1
DA:104,1
DA:105,1
DA:106,1
DA:107,1
DA:108,1
DA:110,1
DA:111,1
DA:113,1
DA:114,1
DA:118,1
DA:122,1
DA:123,2
DA:124,2
DA:127,2
DA:130,2
DA:131,2
DA:132,2
DA:134,1
DA:135,1
DA:137,1
DA:138,1
DA:139,1
DA:140,1
DA:142,1
DA:143,2
DA:146,1
DA:150,1
DA:151,1
DA:152,1
DA:155,1
DA:158,1
DA:159,1
DA:160,1
DA:161,1
DA:163,1
DA:164,1
DA:166,1
DA:167,1
DA:170,1
DA:174,1
DA:175,1
DA:176,1
DA:179,1
DA:182,1
DA:183,1
DA:184,1
DA:185,1
DA:187,1
DA:188,1
DA:190,1
DA:191,1
DA:194,1
DA:199,1
DA:200,1
DA:201,1
DA:204,1
DA:207,1
DA:208,1
DA:209,1
DA:211,1
DA:212,1
DA:218,1
DA:219,1
DA:221,1
DA:222,1
DA:225,1
DA:231,1
DA:232,1
DA:233,1
DA:234,1
DA:237,1
DA:238,1
DA:239,1
DA:240,1
DA:241,1
DA:242,1
DA:247,1
DA:248,1
DA:250,1
DA:251,1
DA:255,1
DA:256,12
DA:259,1
DA:260,1
DA:261,1
DA:262,1
DA:264,1
DA:265,1
DA:266,1
DA:268,1
DA:269,1
DA:272,1
DA:274,1
DA:275,1
DA:277,1
DA:278,1
DA:280,1
DA:281,1
DA:284,1
DA:286,1
DA:287,1
DA:288,1
DA:290,1
DA:291,1
DA:293,1
DA:294,1
DA:296,1
DA:297,1
DA:301,1
DA:302,1
DA:303,2
DA:305,1
DA:306,1
DA:307,1
DA:310,1
DA:311,1
DA:312,1
DA:313,1
DA:316,1
DA:317,2
DA:320,1
DA:321,1
DA:322,8
DA:324,1
DA:325,1
DA:326,1
DA:328,1
DA:330,1
DA:334,1
DA:335,6
DA:337,1
DA:338,1
DA:339,3
DA:341,1
DA:342,1
DA:344,1
DA:345,1
DA:347,1
DA:348,1
DA:351,1
DA:352,1
DA:353,3
DA:354,3
DA:356,1
DA:357,1
DA:359,1
DA:360,1
DA:362,1
DA:363,1
DA:366,1
DA:367,6
DA:370,1
DA:371,1
DA:372,1
DA:375,1
DA:376,8
DA:379,1
DA:381,1
DA:382,4
DA:384,1
DA:387,1
DA:388,2
DA:389,2
DA:392,2
DA:394,1
DA:395,1
DA:397,1
DA:398,1
DA:401,1
DA:405,1
DA:406,2
DA:407,2
DA:410,2
DA:414,1
DA:415,1
DA:417,1
DA:418,1
DA:421,1
DA:422,4
DA:425,1
DA:427,1
DA:428,2
DA:430,1
DA:433,1
DA:434,1
DA:435,1
DA:436,1
DA:437,1
DA:441,1
DA:445,1
DA:446,1
DA:449,1
DA:452,1
DA:453,1
DA:454,1
DA:455,1
DA:456,1
DA:460,1
DA:464,1
DA:465,1
DA:468,1
DA:469,2
LF:267
LH:267
BRF:0
BRH:0
end_of_record
TN:
SF:D:\GitHub\web-wombat\tests\unitTests\baseField.js
FN:4,(anonymous_0)
FN:6,(anonymous_1)
FN:9,(anonymous_2)
FN:12,(anonymous_3)
FN:21,(anonymous_4)
FN:24,(anonymous_5)
FN:27,(anonymous_6)
FN:30,(anonymous_7)
FN:33,(anonymous_8)
FN:36,(anonymous_9)
FN:39,(anonymous_10)
FN:43,(anonymous_11)
FN:61,(anonymous_12)
FN:71,(anonymous_13)
FN:74,(anonymous_14)
FN:77,(anonymous_15)
FN:80,(anonymous_16)
FN:81,(anonymous_17)
FN:82,(anonymous_18)
FN:85,(anonymous_19)
FN:89,(anonymous_20)
FN:90,(anonymous_21)
FN:93,(anonymous_22)
FN:98,(anonymous_23)
FN:99,(anonymous_24)
FN:100,(anonymous_25)
FN:103,(anonymous_26)
FN:107,(anonymous_27)
FN:108,(anonymous_28)
FN:111,(anonymous_29)
FN:116,(anonymous_30)
FN:117,(anonymous_31)
FN:118,(anonymous_32)
FN:121,(anonymous_33)
FN:125,(anonymous_34)
FN:126,(anonymous_35)
FN:129,(anonymous_36)
FN:135,(anonymous_37)
FN:145,(anonymous_38)
FN:149,(anonymous_39)
FN:152,(anonymous_40)
FN:153,(anonymous_41)
FN:156,(anonymous_42)
FN:157,(anonymous_43)
FN:160,(anonymous_44)
FN:164,(anonymous_45)
FN:165,(anonymous_46)
FN:168,(anonymous_47)
FN:173,(anonymous_48)
FN:174,(anonymous_49)
FN:175,(anonymous_50)
FN:178,(anonymous_51)
FN:182,(anonymous_52)
FN:183,(anonymous_53)
FN:186,(anonymous_54)
FN:187,(anonymous_55)
FN:190,(anonymous_56)
FN:194,(anonymous_57)
FN:195,(anonymous_58)
FN:198,(anonymous_59)
FN:204,(anonymous_60)
FN:205,(anonymous_61)
FN:206,(anonymous_62)
FN:210,(anonymous_63)
FN:214,(anonymous_64)
FN:215,(anonymous_65)
FN:218,(anonymous_66)
FN:219,(anonymous_67)
FN:222,(anonymous_68)
FN:226,(anonymous_69)
FN:227,(anonymous_70)
FN:230,(anonymous_71)
FN:234,(anonymous_72)
FN:235,(anonymous_73)
FN:238,(anonymous_74)
FNF:75
FNH:75
FNDA:1,(anonymous_0)
FNDA:1,(anonymous_1)
FNDA:1,(anonymous_2)
FNDA:1,(anonymous_3)
FNDA:1,(anonymous_4)
FNDA:1,(anonymous_5)
FNDA:1,(anonymous_6)
FNDA:1,(anonymous_7)
FNDA:1,(anonymous_8)
FNDA:1,(anonymous_9)
FNDA:1,(anonymous_10)
FNDA:1,(anonymous_11)
FNDA:1,(anonymous_12)
FNDA:1,(anonymous_13)
FNDA:1,(anonymous_14)
FNDA:1,(anonymous_15)
FNDA:1,(anonymous_16)
FNDA:1,(anonymous_17)
FNDA:1,(anonymous_18)
FNDA:1,(anonymous_19)
FNDA:1,(anonymous_20)
FNDA:1,(anonymous_21)
FNDA:1,(anonymous_22)
FNDA:1,(anonymous_23)
FNDA:1,(anonymous_24)
FNDA:1,(anonymous_25)
FNDA:1,(anonymous_26)
FNDA:1,(anonymous_27)
FNDA:1,(anonymous_28)
FNDA:1,(anonymous_29)
FNDA:1,(anonymous_30)
FNDA:1,(anonymous_31)
FNDA:1,(anonymous_32)
FNDA:1,(anonymous_33)
FNDA:1,(anonymous_34)
FNDA:1,(anonymous_35)
FNDA:1,(anonymous_36)
FNDA:1,(anonymous_37)
FNDA:1,(anonymous_38)
FNDA:1,(anonymous_39)
FNDA:1,(anonymous_40)
FNDA:1,(anonymous_41)
FNDA:1,(anonymous_42)
FNDA:1,(anonymous_43)
FNDA:1,(anonymous_44)
FNDA:1,(anonymous_45)
FNDA:1,(anonymous_46)
FNDA:1,(anonymous_47)
FNDA:1,(anonymous_48)
FNDA:1,(anonymous_49)
FNDA:1,(anonymous_50)
FNDA:1,(anonymous_51)
FNDA:1,(anonymous_52)
FNDA:1,(anonymous_53)
FNDA:1,(anonymous_54)
FNDA:1,(anonymous_55)
FNDA:1,(anonymous_56)
FNDA:1,(anonymous_57)
FNDA:1,(anonymous_58)
FNDA:1,(anonymous_59)
FNDA:1,(anonymous_60)
FNDA:1,(anonymous_61)
FNDA:1,(anonymous_62)
FNDA:1,(anonymous_63)
FNDA:1,(anonymous_64)
FNDA:1,(anonymous_65)
FNDA:1,(anonymous_66)
FNDA:1,(anonymous_67)
FNDA:1,(anonymous_68)
FNDA:1,(anonymous_69)
FNDA:1,(anonymous_70)
FNDA:1,(anonymous_71)
FNDA:1,(anonymous_72)
FNDA:1,(anonymous_73)
FNDA:1,(anonymous_74)
DA:1,1
DA:2,1
DA:4,1
DA:6,1
DA:7,1
DA:9,1
DA:10,1
DA:12,1
DA:14,1
DA:21,1
DA:22,1
DA:24,1
DA:25,1
DA:27,1
DA:28,1
DA:30,1
DA:31,1
DA:33,1
DA:34,1
DA:36,1
DA:37,1
DA:39,1
DA:40,1
DA:43,1
DA:45,1
DA:52,1
DA:61,1
DA:62,1
DA:63,1
DA:64,1
DA:65,1
DA:66,1
DA:67,1
DA:68,1
DA:69,1
DA:71,1
DA:72,1
DA:74,1
DA:75,1
DA:77,1
DA:78,1
DA:80,1
DA:81,1
DA:82,1
DA:83,1
DA:85,1
DA:86,1
DA:89,1
DA:90,1
DA:91,1
DA:93,1
DA:94,1
DA:98,1
DA:99,1
DA:100,1
DA:101,1
DA:103,1
DA:104,1
DA:107,1
DA:108,1
DA:109,1
DA:111,1
DA:112,1
DA:116,1
DA:117,1
DA:118,1
DA:119,1
DA:121,1
DA:122,1
DA:125,1
DA:126,1
DA:127,1
DA:129,1
DA:130,1
DA:135,1
DA:137,1
DA:145,1
DA:146,1
DA:147,1
DA:149,1
DA:150,1
DA:152,1
DA:153,1
DA:154,1
DA:156,1
DA:157,1
DA:158,1
DA:160,1
DA:161,1
DA:164,1
DA:165,1
DA:166,1
DA:168,1
DA:169,1
DA:173,1
DA:174,1
DA:175,1
DA:176,1
DA:178,1
DA:179,1
DA:182,1
DA:183,1
DA:184,1
DA:186,1
DA:187,1
DA:188,1
DA:190,1
DA:191,1
DA:194,1
DA:195,1
DA:196,1
DA:198,1
DA:199,1
DA:204,1
DA:205,1
DA:206,1
DA:207,1
DA:208,1
DA:210,1
DA:211,1
DA:214,1
DA:215,1
DA:216,1
DA:218,1
DA:219,1
DA:220,1
DA:222,1
DA:223,1
DA:226,1
DA:227,1
DA:228,1
DA:230,1
DA:231,1
DA:234,1
DA:235,1
DA:236,1
DA:238,1
DA:239,1
LF:138
LH:138
BRF:0
BRH:0
end_of_record
TN:
SF:D:\GitHub\web-wombat\tests\unitTests\baseMiddleware.js
FN:5,(anonymous_0)
FN:7,(anonymous_1)
FN:13,(anonymous_2)
FN:14,(anonymous_3)
FN:18,(anonymous_4)
FN:19,(anonymous_5)
FNF:6
FNH:6
FNDA:1,(anonymous_0)
FNDA:1,(anonymous_1)
FNDA:1,(anonymous_2)
FNDA:1,(anonymous_3)
FNDA:1,(anonymous_4)
FNDA:1,(anonymous_5)
DA:1,1
DA:2,1
DA:3,1
DA:5,1
DA:7,1
DA:8,1
DA:11,1
DA:13,1
DA:14,1
DA:15,1
DA:18,1
DA:19,1
DA:20,1
LF:13
LH:13
BRF:0
BRH:0
end_of_record
TN:
SF:D:\GitHub\web-wombat\tests\unitTests\bladeConnector.js
FN:5,(anonymous_0)
FN:10,(anonymous_1)
FN:13,(anonymous_2)
FN:16,(anonymous_3)
FN:19,(anonymous_4)
FN:22,(anonymous_5)
FN:23,(anonymous_6)
FN:26,(anonymous_7)
FN:29,(anonymous_8)
FN:32,(anonymous_9)
FN:36,(anonymous_10)
FN:37,(anonymous_11)
FN:40,(anonymous_12)
FN:43,(anonymous_13)
FN:44,(anonymous_14)
FN:45,(anonymous_15)
FN:46,(anonymous_16)
FN:52,(anonymous_17)
FN:59,(anonymous_18)
FN:60,(anonymous_19)
FN:65,(anonymous_20)
FN:66,(anonymous_21)
FN:76,(anonymous_22)
FN:77,(anonymous_23)
FN:82,(anonymous_24)
FN:83,(anonymous_25)
FN:88,(anonymous_26)
FN:89,(anonymous_27)
FN:90,(anonymous_28)
FN:95,(anonymous_29)
FN:96,(anonymous_30)
FN:101,(anonymous_31)
FN:102,(anonymous_32)
FN:108,(anonymous_33)
FN:109,(anonymous_34)
FN:110,(anonymous_35)
FN:115,(anonymous_36)
FN:116,(anonymous_37)
FN:121,(anonymous_38)
FN:122,(anonymous_39)
FN:128,(anonymous_40)
FN:132,(anonymous_41)
FN:133,(anonymous_42)
FN:134,(anonymous_43)
FN:143,(anonymous_44)
FN:144,(anonymous_45)
FN:149,(anonymous_46)
FN:150,(anonymous_47)
FN:160,(anonymous_48)
FN:161,(anonymous_49)
FN:166,(anonymous_50)
FN:167,(anonymous_51)
FN:172,(anonymous_52)
FN:173,(anonymous_53)
FN:174,(anonymous_54)
FN:179,(anonymous_55)
FN:180,(anonymous_56)
FN:185,(anonymous_57)
FN:186,(anonymous_58)
FN:191,(anonymous_59)
FN:195,(anonymous_60)
FN:196,(anonymous_61)
FN:197,(anonymous_62)
FN:202,(anonymous_63)
FN:203,(anonymous_64)
FN:208,(anonymous_65)
FN:209,(anonymous_66)
FN:214,(anonymous_67)
FN:218,(anonymous_68)
FN:219,(anonymous_69)
FN:220,(anonymous_70)
FN:224,(anonymous_71)
FN:225,(anonymous_72)
FN:230,(anonymous_73)
FN:231,(anonymous_74)
FN:236,(anonymous_75)
FN:237,(anonymous_76)
FN:243,(anonymous_77)
FN:247,(anonymous_78)
FN:248,(anonymous_79)
FN:252,(anonymous_80)
FN:253,(anonymous_81)
FN:254,(anonymous_82)
FN:260,(anonymous_83)
FN:265,(anonymous_84)
FN:266,(anonymous_85)
FN:271,(anonymous_86)
FN:272,(anonymous_87)
FN:282,(anonymous_88)
FN:283,(anonymous_89)
FN:288,(anonymous_90)
FN:289,(anonymous_91)
FN:294,(anonymous_92)
FN:295,(anonymous_93)
FN:296,(anonymous_94)
FN:301,(anonymous_95)
FN:302,(anonymous_96)
FN:307,(anonymous_97)
FN:308,(anonymous_98)
FN:313,(anonymous_99)
FN:317,(anonymous_100)
FN:318,(anonymous_101)
FN:319,(anonymous_102)
FN:324,(anonymous_103)
FN:325,(anonymous_104)
FN:330,(anonymous_105)
FN:331,(anonymous_106)
FN:337,(anonymous_107)
FN:341,(anonymous_108)
FN:342,(anonymous_109)
FN:343,(anonymous_110)
FN:349,(anonymous_111)
FN:354,(anonymous_112)
FN:355,(anonymous_113)
FN:360,(anonymous_114)
FN:361,(anonymous_115)
FN:371,(anonymous_116)
FN:372,(anonymous_117)
FN:377,(anonymous_118)
FN:378,(anonymous_119)
FN:383,(anonymous_120)
FN:384,(anonymous_121)
FN:385,(anonymous_122)
FN:390,(anonymous_123)
FN:391,(anonymous_124)
FN:396,(anonymous_125)
FN:397,(anonymous_126)
FN:402,(anonymous_127)
FN:406,(anonymous_128)
FN:407,(anonymous_129)
FN:408,(anonymous_130)
FN:413,(anonymous_131)
FN:414,(anonymous_132)
FN:419,(anonymous_133)
FN:420,(anonymous_134)
FN:425,(anonymous_135)
FN:429,(anonymous_136)
FN:433,(anonymous_137)
FN:434,(anonymous_138)
FN:435,(anonymous_139)
FN:439,(anonymous_140)
FN:440,(anonymous_141)
FN:445,(anonymous_142)
FN:446,(anonymous_143)
FN:451,(anonymous_144)
FN:452,(anonymous_145)
FN:457,(anonymous_146)
FNF:147
FNH:147
FNDA:1,(anonymous_0)
FNDA:1,(anonymous_1)
FNDA:1,(anonymous_2)
FNDA:1,(anonymous_3)
FNDA:1,(anonymous_4)
FNDA:1,(anonymous_5)
FNDA:1,(anonymous_6)
FNDA:1,(anonymous_7)
FNDA:1,(anonymous_8)
FNDA:1,(anonymous_9)
FNDA:1,(anonymous_10)
FNDA:1,(anonymous_11)
FNDA:1,(anonymous_12)
FNDA:1,(anonymous_13)
FNDA:1,(anonymous_14)
FNDA:8,(anonymous_15)
FNDA:8,(anonymous_16)
FNDA:4,(anonymous_17)
FNDA:1,(anonymous_18)
FNDA:1,(anonymous_19)
FNDA:1,(anonymous_20)
FNDA:1,(anonymous_21)
FNDA:1,(anonymous_22)
FNDA:1,(anonymous_23)
FNDA:1,(anonymous_24)
FNDA:1,(anonymous_25)
FNDA:1,(anonymous_26)
FNDA:2,(anonymous_27)
FNDA:2,(anonymous_28)
FNDA:1,(anonymous_29)
FNDA:1,(anonymous_30)
FNDA:1,(anonymous_31)
FNDA:1,(anonymous_32)
FNDA:1,(anonymous_33)
FNDA:2,(anonymous_34)
FNDA:2,(anonymous_35)
FNDA:1,(anonymous_36)
FNDA:1,(anonymous_37)
FNDA:1,(anonymous_38)
FNDA:1,(anonymous_39)
FNDA:8,(anonymous_40)
FNDA:1,(anonymous_41)
FNDA:11,(anonymous_42)
FNDA:8,(anonymous_43)
FNDA:1,(anonymous_44)
FNDA:1,(anonymous_45)
FNDA:1,(anonymous_46)
FNDA:1,(anonymous_47)
FNDA:1,(anonymous_48)
FNDA:1,(anonymous_49)
FNDA:1,(anonymous_50)
FNDA:1,(anonymous_51)
FNDA:1,(anonymous_52)
FNDA:2,(anonymous_53)
FNDA:2,(anonymous_54)
FNDA:1,(anonymous_55)
FNDA:1,(anonymous_56)
FNDA:1,(anonymous_57)
FNDA:1,(anonymous_58)
FNDA:2,(anonymous_59)
FNDA:1,(anonymous_60)
FNDA:2,(anonymous_61)
FNDA:2,(anonymous_62)
FNDA:1,(anonymous_63)
FNDA:1,(anonymous_64)
FNDA:1,(anonymous_65)
FNDA:1,(anonymous_66)
FNDA:2,(anonymous_67)
FNDA:1,(anonymous_68)
FNDA:3,(anonymous_69)
FNDA:3,(anonymous_70)
FNDA:1,(anonymous_71)
FNDA:1,(anonymous_72)
FNDA:1,(anonymous_73)
FNDA:1,(anonymous_74)
FNDA:1,(anonymous_75)
FNDA:1,(anonymous_76)
FNDA:11,(anonymous_77)
FNDA:1,(anonymous_78)
FNDA:19,(anonymous_79)
FNDA:1,(anonymous_80)
FNDA:8,(anonymous_81)
FNDA:8,(anonymous_82)
FNDA:4,(anonymous_83)
FNDA:1,(anonymous_84)
FNDA:1,(anonymous_85)
FNDA:1,(anonymous_86)
FNDA:1,(anonymous_87)
FNDA:1,(anonymous_88)
FNDA:1,(anonymous_89)
FNDA:1,(anonymous_90)
FNDA:1,(anonymous_91)
FNDA:1,(anonymous_92)
FNDA:2,(anonymous_93)
FNDA:2,(anonymous_94)
FNDA:1,(anonymous_95)
FNDA:1,(anonymous_96)
FNDA:1,(anonymous_97)
FNDA:1,(anonymous_98)
FNDA:2,(anonymous_99)
FNDA:1,(anonymous_100)
FNDA:2,(anonymous_101)
FNDA:2,(anonymous_102)
FNDA:1,(anonymous_103)
FNDA:1,(anonymous_104)
FNDA:1,(anonymous_105)
FNDA:1,(anonymous_106)
FNDA:8,(anonymous_107)
FNDA:1,(anonymous_108)
FNDA:8,(anonymous_109)
FNDA:8,(anonymous_110)
FNDA:4,(anonymous_111)
FNDA:1,(anonymous_112)
FNDA:1,(anonymous_113)
FNDA:1,(anonymous_114)
FNDA:1,(anonymous_115)
FNDA:1,(anonymous_116)
FNDA:1,(anonymous_117)
FNDA:1,(anonymous_118)
FNDA:1,(anonymous_119)
FNDA:1,(anonymous_120)
FNDA:2,(anonymous_121)
FNDA:2,(anonymous_122)
FNDA:1,(anonymous_123)
FNDA:1,(anonymous_124)
FNDA:1,(anonymous_125)
FNDA:1,(anonymous_126)
FNDA:2,(anonymous_127)
FNDA:1,(anonymous_128)
FNDA:2,(anonymous_129)
FNDA:5,(anonymous_130)
FNDA:1,(anonymous_131)
FNDA:1,(anonymous_132)
FNDA:1,(anonymous_133)
FNDA:1,(anonymous_134)
FNDA:2,(anonymous_135)
FNDA:8,(anonymous_136)
FNDA:1,(anonymous_137)
FNDA:3,(anonymous_138)
FNDA:3,(anonymous_139)
FNDA:1,(anonymous_140)
FNDA:1,(anonymous_141)
FNDA:1,(anonymous_142)
FNDA:1,(anonymous_143)
FNDA:1,(anonymous_144)
FNDA:1,(anonymous_145)
FNDA:3,(anonymous_146)
DA:1,1
DA:2,1
DA:3,1
DA:5,1
DA:8,1
DA:9,1
DA:10,1
DA:11,1
DA:13,1
DA:14,1
DA:16,1
DA:17,1
DA:19,1
DA:20,1
DA:22,1
DA:23,1
DA:24,1
DA:26,1
DA:27,1
DA:29,1
DA:30,1
DA:32,1
DA:33,1
DA:36,1
DA:37,1
DA:38,1
DA:40,1
DA:41,1
DA:43,1
DA:44,1
DA:45,1
DA:46,8
DA:47,8
DA:52,8
DA:53,4
DA:55,8
DA:56,8
DA:57,8
DA:59,1
DA:60,1
DA:61,1
DA:62,1
DA:65,1
DA:66,1
DA:67,1
DA:73,1
DA:76,1
DA:77,1
DA:78,1
DA:79,1
DA:82,1
DA:83,1
DA:84,1
DA:85,1
DA:88,1
DA:89,1
DA:90,2
DA:91,2
DA:93,2
DA:95,1
DA:96,1
DA:97,1
DA:98,1
DA:101,1
DA:102,1
DA:103,1
DA:104,1
DA:108,1
DA:109,1
DA:110,2
DA:111,2
DA:113,2
DA:115,1
DA:116,1
DA:117,1
DA:118,1
DA:121,1
DA:122,1
DA:123,1
DA:124,1
DA:128,1
DA:129,8
DA:132,1
DA:133,1
DA:134,11
DA:135,8
DA:140,11
DA:141,11
DA:143,1
DA:144,1
DA:145,1
DA:146,1
DA:149,1
DA:150,1
DA:151,1
DA:157,1
DA:160,1
DA:161,1
DA:162,1
DA:163,1
DA:166,1
DA:167,1
DA:168,1
DA:169,1
DA:172,1
DA:173,1
DA:174,2
DA:175,2
DA:177,2
DA:179,1
DA:180,1
DA:181,1
DA:182,1
DA:185,1
DA:186,1
DA:187,1
DA:188,1
DA:191,1
DA:192,2
DA:195,1
DA:196,1
DA:197,2
DA:198,2
DA:200,2
DA:202,1
DA:203,1
DA:204,1
DA:205,1
DA:208,1
DA:209,1
DA:210,1
DA:211,1
DA:214,1
DA:215,2
DA:218,1
DA:219,1
DA:220,3
DA:221,3
DA:224,1
DA:225,1
DA:226,1
DA:227,1
DA:230,1
DA:231,1
DA:232,1
DA:233,1
DA:236,1
DA:237,1
DA:238,1
DA:239,1
DA:243,1
DA:244,11
DA:247,1
DA:248,1
DA:249,19
DA:250,19
DA:252,1
DA:253,1
DA:254,8
DA:255,8
DA:260,8
DA:261,4
DA:263,8
DA:265,1
DA:266,1
DA:267,1
DA:268,1
DA:271,1
DA:272,1
DA:273,1
DA:279,1
DA:282,1
DA:283,1
DA:284,1
DA:285,1
DA:288,1
DA:289,1
DA:290,1
DA:291,1
DA:294,1
DA:295,1
DA:296,2
DA:297,2
DA:299,2
DA:301,1
DA:302,1
DA:303,1
DA:304,1
DA:307,1
DA:308,1
DA:309,1
DA:310,1
DA:313,1
DA:314,2
DA:317,1
DA:318,1
DA:319,2
DA:320,2
DA:322,2
DA:324,1
DA:325,1
DA:326,1
DA:327,1
DA:330,1
DA:331,1
DA:332,1
DA:333,1
DA:337,1
DA:338,8
DA:341,1
DA:342,1
DA:343,8
DA:344,8
DA:349,8
DA:350,4
DA:352,8
DA:354,1
DA:355,1
DA:356,1
DA:357,1
DA:360,1
DA:361,1
DA:362,1
DA:368,1
DA:371,1
DA:372,1
DA:373,1
DA:374,1
DA:377,1
DA:378,1
DA:379,1
DA:380,1
DA:383,1
DA:384,1
DA:385,2
DA:386,2
DA:388,2
DA:390,1
DA:391,1
DA:392,1
DA:393,1
DA:396,1
DA:397,1
DA:398,1
DA:399,1
DA:402,1
DA:403,2
DA:406,1
DA:407,1
DA:408,2
DA:409,5
DA:411,2
DA:413,1
DA:414,1
DA:415,1
DA:416,1
DA:419,1
DA:420,1
DA:421,1
DA:422,1
DA:425,1
DA:426,2
DA:429,1
DA:430,8
DA:433,1
DA:434,1
DA:435,3
DA:436,3
DA:439,1
DA:440,1
DA:441,1
DA:442,1
DA:445,1
DA:446,1
DA:447,1
DA:448,1
DA:451,1
DA:452,1
DA:453,1
DA:454,1
DA:457,1
DA:458,3
LF:282
LH:282
BRF:0
BRH:0
end_of_record
TN:
SF:D:\GitHub\web-wombat\tests\unitTests\bodyParserMiddlewareWorkingProperly.js
FN:5,(anonymous_0)
FN:13,(anonymous_1)
FN:17,(anonymous_2)
FN:28,(anonymous_3)
FN:31,(anonymous_4)
FN:35,(anonymous_5)
FN:40,(anonymous_6)
FN:45,(anonymous_7)
FN:50,(anonymous_8)
FN:55,(anonymous_9)
FNF:10
FNH:10
FNDA:1,(anonymous_0)
FNDA:1,(anonymous_1)
FNDA:7,(anonymous_2)
FNDA:1,(anonymous_3)
FNDA:1,(anonymous_4)
FNDA:1,(anonymous_5)
FNDA:1,(anonymous_6)
FNDA:1,(anonymous_7)
FNDA:1,(anonymous_8)
FNDA:1,(anonymous_9)
DA:1,1
DA:2,1
DA:3,1
DA:5,1
DA:10,1
DA:13,1
DA:14,1
DA:15,1
DA:17,1
DA:18,7
DA:25,7
DA:26,7
DA:28,1
DA:29,1
DA:31,1
DA:32,1
DA:33,1
DA:35,1
DA:36,1
DA:37,1
DA:38,1
DA:40,1
DA:41,1
DA:42,1
DA:43,1
DA:45,1
DA:46,1
DA:47,1
DA:48,1
DA:50,1
DA:51,1
DA:52,1
DA:53,1
DA:55,1
DA:56,1
DA:57,1
LF:36
LH:36
BRF:0
BRH:0
end_of_record
TN:
SF:D:\GitHub\web-wombat\tests\unitTests\canLoadWombatServer.js
FN:3,(anonymous_0)
FN:5,(anonymous_1)
FN:8,(anonymous_2)
FN:11,(anonymous_3)
FN:14,(anonymous_4)
FN:17,(anonymous_5)
FN:20,(anonymous_6)
FN:23,(anonymous_7)
FN:26,(anonymous_8)
FN:29,(anonymous_9)
FN:32,(anonymous_10)
FN:35,(anonymous_11)
FN:38,(anonymous_12)
FN:41,(anonymous_13)
FN:44,(anonymous_14)
FN:47,(anonymous_15)
FN:50,(anonymous_16)
FN:53,(anonymous_17)
FN:56,(anonymous_18)
FN:59,(anonymous_19)
FN:62,(anonymous_20)
FN:65,(anonymous_21)
FN:68,(anonymous_22)
FN:71,(anonymous_23)
FN:74,(anonymous_24)
FN:77,(anonymous_25)
FN:80,(anonymous_26)
FN:83,(anonymous_27)
FN:86,(anonymous_28)
FNF:29
FNH:29
FNDA:1,(anonymous_0)
FNDA:1,(anonymous_1)
FNDA:1,(anonymous_2)
FNDA:1,(anonymous_3)
FNDA:1,(anonymous_4)
FNDA:1,(anonymous_5)
FNDA:1,(anonymous_6)
FNDA:1,(anonymous_7)
FNDA:1,(anonymous_8)
FNDA:1,(anonymous_9)
FNDA:1,(anonymous_10)
FNDA:1,(anonymous_11)
FNDA:1,(anonymous_12)
FNDA:1,(anonymous_13)
FNDA:1,(anonymous_14)
FNDA:1,(anonymous_15)
FNDA:1,(anonymous_16)
FNDA:1,(anonymous_17)
FNDA:1,(anonymous_18)
FNDA:1,(anonymous_19)
FNDA:1,(anonymous_20)
FNDA:1,(anonymous_21)
FNDA:1,(anonymous_22)
FNDA:1,(anonymous_23)
FNDA:1,(anonymous_24)
FNDA:1,(anonymous_25)
FNDA:1,(anonymous_26)
FNDA:1,(anonymous_27)
FNDA:1,(anonymous_28)
DA:1,1
DA:3,1
DA:4,1
DA:5,1
DA:6,1
DA:8,1
DA:9,1
DA:11,1
DA:12,1
DA:14,1
DA:15,1
DA:17,1
DA:18,1
DA:20,1
DA:21,1
DA:23,1
DA:24,1
DA:26,1
DA:27,1
DA:29,1
DA:30,1
DA:32,1
DA:33,1
DA:35,1
DA:36,1
DA:38,1
DA:39,1
DA:41,1
DA:42,1
DA:44,1
DA:45,1
DA:47,1
DA:48,1
DA:50,1
DA:51,1
DA:53,1
DA:54,1
DA:56,1
DA:57,1
DA:59,1
DA:60,1
DA:62,1
DA:63,1
DA:65,1
DA:66,1
DA:68,1
DA:69,1
DA:71,1
DA:72,1
DA:74,1
DA:75,1
DA:77,1
DA:78,1
DA:80,1
DA:81,1
DA:83,1
DA:84,1
DA:86,1
DA:87,1
LF:59
LH:59
BRF:0
BRH:0
end_of_record
TN:
SF:D:\GitHub\web-wombat\tests\unitTests\collectionsProvider.js
FN:4,(anonymous_0)
FN:6,(anonymous_1)
FN:9,(anonymous_2)
FN:12,(anonymous_3)
FN:13,(anonymous_4)
FN:16,(anonymous_5)
FN:19,(anonymous_6)
FN:22,(anonymous_7)
FN:25,(anonymous_8)
FN:29,(anonymous_9)
FN:30,(anonymous_10)
FN:31,(anonymous_11)
FN:32,(anonymous_12)
FNF:13
FNH:13
FNDA:1,(anonymous_0)
FNDA:7,(anonymous_1)
FNDA:1,(anonymous_2)
FNDA:1,(anonymous_3)
FNDA:1,(anonymous_4)
FNDA:1,(anonymous_5)
FNDA:1,(anonymous_6)
FNDA:1,(anonymous_7)
FNDA:1,(anonymous_8)
FNDA:1,(anonymous_9)
FNDA:1,(anonymous_10)
FNDA:1,(anonymous_11)
FNDA:1,(anonymous_12)
DA:1,1
DA:2,1
DA:4,1
DA:6,1
DA:7,7
DA:9,1
DA:10,1
DA:12,1
DA:13,1
DA:14,1
DA:16,1
DA:17,1
DA:19,1
DA:20,1
DA:22,1
DA:23,1
DA:25,1
DA:26,1
DA:29,1
DA:30,1
DA:31,1
DA:32,1
DA:33,1
LF:23
LH:23
BRF:0
BRH:0
end_of_record
TN:
SF:D:\GitHub\web-wombat\tests\unitTests\config.js
FN:5,(anonymous_0)
FN:7,(anonymous_1)
FN:10,(anonymous_2)
FN:13,(anonymous_3)
FN:14,(anonymous_4)
FN:17,(anonymous_5)
FN:21,(anonymous_6)
FN:22,(anonymous_7)
FN:27,(anonymous_8)
FN:30,(anonymous_9)
FN:34,(anonymous_10)
FN:36,(anonymous_11)
FN:43,(anonymous_12)
FN:46,(anonymous_13)
FN:49,(anonymous_14)
FN:52,(anonymous_15)
FN:56,(anonymous_16)
FN:61,(anonymous_17)
FN:66,(anonymous_18)
FN:72,(anonymous_19)
FN:76,(anonymous_20)
FN:78,(anonymous_21)
FN:82,(anonymous_22)
FNF:23
FNH:23
FNDA:1,(anonymous_0)
FNDA:1,(anonymous_1)
FNDA:1,(anonymous_2)
FNDA:1,(anonymous_3)
FNDA:1,(anonymous_4)
FNDA:1,(anonymous_5)
FNDA:1,(anonymous_6)
FNDA:1,(anonymous_7)
FNDA:1,(anonymous_8)
FNDA:1,(anonymous_9)
FNDA:1,(anonymous_10)
FNDA:1,(anonymous_11)
FNDA:1,(anonymous_12)
FNDA:1,(anonymous_13)
FNDA:1,(anonymous_14)
FNDA:1,(anonymous_15)
FNDA:1,(anonymous_16)
FNDA:1,(anonymous_17)
FNDA:1,(anonymous_18)
FNDA:1,(anonymous_19)
FNDA:1,(anonymous_20)
FNDA:1,(anonymous_21)
FNDA:1,(anonymous_22)
DA:1,1
DA:2,1
DA:3,1
DA:5,1
DA:7,1
DA:8,1
DA:10,1
DA:11,1
DA:13,1
DA:14,1
DA:15,1
DA:17,1
DA:18,1
DA:21,1
DA:22,1
DA:23,1
DA:27,1
DA:28,1
DA:30,1
DA:31,1
DA:34,1
DA:36,1
DA:37,1
DA:40,1
DA:41,1
DA:43,1
DA:44,1
DA:46,1
DA:47,1
DA:49,1
DA:50,1
DA:52,1
DA:53,1
DA:54,1
DA:56,1
DA:57,1
DA:61,1
DA:62,1
DA:66,1
DA:67,1
DA:70,1
DA:72,1
DA:73,1
DA:76,1
DA:78,1
DA:79,1
DA:80,1
DA:82,1
DA:83,1
LF:49
LH:49
BRF:0
BRH:0
end_of_record
TN:
SF:D:\GitHub\web-wombat\tests\unitTests\consoleLoggerErrorHandler.js
FN:4,(anonymous_0)
FN:6,(anonymous_1)
FN:9,(anonymous_2)
FN:12,(anonymous_3)
FN:17,(anonymous_4)
FN:18,(anonymous_5)
FN:27,(anonymous_6)
FN:33,(anonymous_7)
FN:36,(anonymous_8)
FN:37,(anonymous_9)
FN:40,(anonymous_10)
FN:44,(anonymous_11)
FN:45,(anonymous_12)
FN:48,(anonymous_13)
FN:52,(anonymous_14)
FN:53,(anonymous_15)
FN:56,(anonymous_16)
FN:59,(anonymous_17)
FN:63,(anonymous_18)
FN:67,(anonymous_19)
FN:72,(anonymous_20)
FN:73,(anonymous_21)
FN:82,(anonymous_22)
FN:87,(anonymous_23)
FN:88,(anonymous_24)
FN:92,(anonymous_25)
FN:95,(anonymous_26)
FN:99,(anonymous_27)
FN:100,(anonymous_28)
FN:104,(anonymous_29)
FN:107,(anonymous_30)
FN:110,(anonymous_31)
FN:113,(anonymous_32)
FNF:33
FNH:33
FNDA:1,(anonymous_0)
FNDA:1,(anonymous_1)
FNDA:1,(anonymous_2)
FNDA:1,(anonymous_3)
FNDA:8,(anonymous_4)
FNDA:24,(anonymous_5)
FNDA:8,(anonymous_6)
FNDA:1,(anonymous_7)
FNDA:1,(anonymous_8)
FNDA:1,(anonymous_9)
FNDA:1,(anonymous_10)
FNDA:1,(anonymous_11)
FNDA:1,(anonymous_12)
FNDA:1,(anonymous_13)
FNDA:1,(anonymous_14)
FNDA:1,(anonymous_15)
FNDA:1,(anonymous_16)
FNDA:1,(anonymous_17)
FNDA:8,(anonymous_18)
FNDA:1,(anonymous_19)
FNDA:4,(anonymous_20)
FNDA:13,(anonymous_21)
FNDA:3,(anonymous_22)
FNDA:1,(anonymous_23)
FNDA:1,(anonymous_24)
FNDA:1,(anonymous_25)
FNDA:1,(anonymous_26)
FNDA:1,(anonymous_27)
FNDA:3,(anonymous_28)
FNDA:1,(anonymous_29)
FNDA:1,(anonymous_30)
FNDA:1,(anonymous_31)
FNDA:3,(anonymous_32)
DA:1,1
DA:2,1
DA:4,1
DA:6,1
DA:7,1
DA:9,1
DA:10,1
DA:12,1
DA:17,1
DA:18,8
DA:20,8
DA:21,8
DA:31,8
DA:33,1
DA:34,1
DA:36,1
DA:37,1
DA:38,1
DA:40,1
DA:41,1
DA:44,1
DA:45,1
DA:46,1
DA:48,1
DA:49,1
DA:52,1
DA:53,1
DA:54,1
DA:56,1
DA:57,1
DA:59,1
DA:60,1
DA:63,1
DA:64,8
DA:67,1
DA:72,1
DA:73,4
DA:75,4
DA:76,4
DA:87,1
DA:88,1
DA:89,1
DA:90,1
DA:92,1
DA:93,1
DA:95,1
DA:96,1
DA:99,1
DA:100,1
DA:101,3
DA:102,3
DA:104,1
DA:105,1
DA:107,1
DA:108,1
DA:110,1
DA:111,1
DA:113,1
DA:114,3
LF:59
LH:59
BRF:0
BRH:0
end_of_record
TN:
SF:D:\GitHub\web-wombat\tests\unitTests\cookieParserMiddlewareWorkingProperly.js
FN:5,(anonymous_0)
FN:13,(anonymous_1)
FN:17,(anonymous_2)
FN:27,(anonymous_3)
FN:30,(anonymous_4)
FN:34,(anonymous_5)
FN:42,(anonymous_6)
FNF:7
FNH:7
FNDA:1,(anonymous_0)
FNDA:1,(anonymous_1)
FNDA:4,(anonymous_2)
FNDA:1,(anonymous_3)
FNDA:1,(anonymous_4)
FNDA:1,(anonymous_5)
FNDA:1,(anonymous_6)
DA:1,1
DA:2,1
DA:3,1
DA:5,1
DA:10,1
DA:13,1
DA:14,1
DA:15,1
DA:17,1
DA:18,4
DA:24,4
DA:25,4
DA:27,1
DA:28,1
DA:30,1
DA:31,1
DA:32,1
DA:34,1
DA:35,1
DA:38,1
DA:39,1
DA:40,1
DA:42,1
DA:43,1
DA:44,1
LF:25
LH:25
BRF:0
BRH:0
end_of_record
TN:
SF:D:\GitHub\web-wombat\tests\unitTests\databaseAuthenticationSource.js
FN:5,(anonymous_0)
FN:7,(anonymous_1)
FN:8,(anonymous_2)
FN:11,(anonymous_3)
FN:14,(anonymous_4)
FN:18,(anonymous_5)
FN:20,(anonymous_6)
FN:30,(anonymous_7)
FN:33,(anonymous_8)
FN:36,(anonymous_9)
FN:39,(anonymous_10)
FN:45,(anonymous_11)
FN:50,(anonymous_12)
FN:52,(anonymous_13)
FN:54,(anonymous_14)
FN:57,(anonymous_15)
FN:63,(anonymous_16)
FN:65,(anonymous_17)
FN:69,(anonymous_18)
FN:70,(anonymous_19)
FN:74,(anonymous_20)
FN:75,(anonymous_21)
FN:81,(anonymous_22)
FN:82,(anonymous_23)
FN:90,(anonymous_24)
FN:101,(anonymous_25)
FN:102,(anonymous_26)
FN:107,(anonymous_27)
FN:108,(anonymous_28)
FN:114,(anonymous_29)
FN:115,(anonymous_30)
FN:116,(anonymous_31)
FN:120,(anonymous_32)
FN:121,(anonymous_33)
FN:123,(anonymous_34)
FN:126,(anonymous_35)
FN:132,(anonymous_36)
FN:133,(anonymous_37)
FN:138,(anonymous_38)
FN:139,(anonymous_39)
FN:143,(anonymous_40)
FN:148,(anonymous_41)
FN:150,(anonymous_42)
FN:154,(anonymous_43)
FN:160,(anonymous_44)
FN:161,(anonymous_45)
FN:166,(anonymous_46)
FN:167,(anonymous_47)
FN:171,(anonymous_48)
FN:178,(anonymous_49)
FN:179,(anonymous_50)
FN:180,(anonymous_51)
FN:181,(anonymous_52)
FN:182,(anonymous_53)
FN:183,(anonymous_54)
FN:184,(anonymous_55)
FN:186,(anonymous_56)
FN:189,(anonymous_57)
FN:190,(anonymous_58)
FN:195,(anonymous_59)
FN:196,(anonymous_60)
FN:203,(anonymous_61)
FN:204,(anonymous_62)
FN:209,(anonymous_63)
FN:210,(anonymous_64)
FN:217,(anonymous_65)
FN:218,(anonymous_66)
FN:226,(anonymous_67)
FN:227,(anonymous_68)
FN:230,(anonymous_69)
FN:231,(anonymous_70)
FN:236,(anonymous_71)
FN:237,(anonymous_72)
FN:241,(anonymous_73)
FN:242,(anonymous_74)
FN:246,(anonymous_75)
FN:247,(anonymous_76)
FN:253,(anonymous_77)
FN:254,(anonymous_78)
FN:258,(anonymous_79)
FN:259,(anonymous_80)
FN:263,(anonymous_81)
FN:264,(anonymous_82)
FN:268,(anonymous_83)
FN:269,(anonymous_84)
FN:276,(anonymous_85)
FN:277,(anonymous_86)
FN:280,(anonymous_87)
FN:281,(anonymous_88)
FN:288,(anonymous_89)
FN:291,(anonymous_90)
FN:298,(anonymous_91)
FN:301,(anonymous_92)
FN:304,(anonymous_93)
FN:306,(anonymous_94)
FN:311,(anonymous_95)
FN:314,(anonymous_96)
FN:318,(anonymous_97)
FN:322,(anonymous_98)
FNF:99
FNH:99
FNDA:1,(anonymous_0)
FNDA:1,(anonymous_1)
FNDA:1,(anonymous_2)
FNDA:1,(anonymous_3)
FNDA:1,(anonymous_4)
FNDA:1,(anonymous_5)
FNDA:1,(anonymous_6)
FNDA:1,(anonymous_7)
FNDA:1,(anonymous_8)
FNDA:1,(anonymous_9)
FNDA:1,(anonymous_10)
FNDA:1,(anonymous_11)
FNDA:1,(anonymous_12)
FNDA:15,(anonymous_13)
FNDA:13,(anonymous_14)
FNDA:2,(anonymous_15)
FNDA:1,(anonymous_16)
FNDA:1,(anonymous_17)
FNDA:1,(anonymous_18)
FNDA:1,(anonymous_19)
FNDA:1,(anonymous_20)
FNDA:1,(anonymous_21)
FNDA:1,(anonymous_22)
FNDA:1,(anonymous_23)
FNDA:2,(anonymous_24)
FNDA:1,(anonymous_25)
FNDA:1,(anonymous_26)
FNDA:1,(anonymous_27)
FNDA:1,(anonymous_28)
FNDA:1,(anonymous_29)
FNDA:1,(anonymous_30)
FNDA:1,(anonymous_31)
FNDA:1,(anonymous_32)
FNDA:1,(anonymous_33)
FNDA:2,(anonymous_34)
FNDA:2,(anonymous_35)
FNDA:1,(anonymous_36)
FNDA:1,(anonymous_37)
FNDA:1,(anonymous_38)
FNDA:1,(anonymous_39)
FNDA:2,(anonymous_40)
FNDA:1,(anonymous_41)
FNDA:2,(anonymous_42)
FNDA:2,(anonymous_43)
FNDA:1,(anonymous_44)
FNDA:1,(anonymous_45)
FNDA:1,(anonymous_46)
FNDA:1,(anonymous_47)
FNDA:2,(anonymous_48)
FNDA:1,(anonymous_49)
FNDA:1,(anonymous_50)
FNDA:1,(anonymous_51)
FNDA:1,(anonymous_52)
FNDA:1,(anonymous_53)
FNDA:1,(anonymous_54)
FNDA:1,(anonymous_55)
FNDA:1,(anonymous_56)
FNDA:2,(anonymous_57)
FNDA:2,(anonymous_58)
FNDA:1,(anonymous_59)
FNDA:1,(anonymous_60)
FNDA:1,(anonymous_61)
FNDA:1,(anonymous_62)
FNDA:1,(anonymous_63)
FNDA:1,(anonymous_64)
FNDA:1,(anonymous_65)
FNDA:1,(anonymous_66)
FNDA:1,(anonymous_67)
FNDA:1,(anonymous_68)
FNDA:3,(anonymous_69)
FNDA:3,(anonymous_70)
FNDA:1,(anonymous_71)
FNDA:1,(anonymous_72)
FNDA:1,(anonymous_73)
FNDA:1,(anonymous_74)
FNDA:1,(anonymous_75)
FNDA:1,(anonymous_76)
FNDA:1,(anonymous_77)
FNDA:1,(anonymous_78)
FNDA:1,(anonymous_79)
FNDA:1,(anonymous_80)
FNDA:1,(anonymous_81)
FNDA:1,(anonymous_82)
FNDA:1,(anonymous_83)
FNDA:1,(anonymous_84)
FNDA:1,(anonymous_85)
FNDA:1,(anonymous_86)
FNDA:1,(anonymous_87)
FNDA:1,(anonymous_88)
FNDA:1,(anonymous_89)
[...]
DA:2980,1
DA:2981,1
DA:2982,1
DA:2984,1
DA:2985,1
DA:2987,1
DA:2988,1
DA:2990,1
DA:2991,1
DA:2993,1
DA:2994,1
DA:2996,1
DA:2997,1
DA:3001,1
DA:3002,1
DA:3003,1
DA:3004,1
DA:3006,1
DA:3007,1
DA:3012,1
DA:3013,1
DA:3014,1
DA:3017,1
DA:3018,1
DA:3019,1
DA:3021,1
DA:3022,1
DA:3031,1
DA:3032,202
LF:1723
LH:1723
BRF:0
BRH:0
end_of_record
TN:
SF:D:\GitHub\web-wombat\tests\unitTests\routeService.js
FN:3,(anonymous_0)
FN:6,(anonymous_1)
FN:8,(anonymous_2)
FN:9,(anonymous_3)
FN:12,(anonymous_4)
FN:21,(anonymous_5)
FN:29,(anonymous_6)
FN:30,(anonymous_7)
FN:31,(anonymous_8)
FN:43,(anonymous_9)
FN:50,(anonymous_10)
FN:57,(anonymous_11)
FN:65,(anonymous_12)
FN:66,(anonymous_13)
FN:72,(anonymous_14)
FN:79,(anonymous_15)
FN:88,(anonymous_16)
FN:89,(anonymous_17)
FN:92,(anonymous_18)
FN:95,(anonymous_19)
FN:99,(anonymous_20)
FN:100,(anonymous_21)
FN:111,(anonymous_22)
FN:114,(anonymous_23)
FN:117,(anonymous_24)
FN:122,(anonymous_25)
FNF:26
FNH:26
FNDA:1,(anonymous_0)
FNDA:1,(anonymous_1)
FNDA:1,(anonymous_2)
FNDA:1,(anonymous_3)
FNDA:1,(anonymous_4)
FNDA:1,(anonymous_5)
FNDA:1,(anonymous_6)
FNDA:1,(anonymous_7)
FNDA:3,(anonymous_8)
FNDA:1,(anonymous_9)
FNDA:1,(anonymous_10)
FNDA:1,(anonymous_11)
FNDA:1,(anonymous_12)
FNDA:2,(anonymous_13)
FNDA:1,(anonymous_14)
FNDA:1,(anonymous_15)
FNDA:1,(anonymous_16)
FNDA:1,(anonymous_17)
FNDA:1,(anonymous_18)
FNDA:1,(anonymous_19)
FNDA:1,(anonymous_20)
FNDA:3,(anonymous_21)
FNDA:1,(anonymous_22)
FNDA:1,(anonymous_23)
FNDA:1,(anonymous_24)
FNDA:14,(anonymous_25)
DA:1,1
DA:3,1
DA:4,1
DA:5,1
DA:6,1
DA:7,1
DA:8,1
DA:9,1
DA:10,1
DA:12,1
DA:13,1
DA:16,1
DA:21,1
DA:22,1
DA:25,1
DA:29,1
DA:30,1
DA:31,1
DA:32,3
DA:43,1
DA:44,1
DA:50,1
DA:51,1
DA:57,1
DA:58,1
DA:65,1
DA:66,1
DA:67,2
DA:72,1
DA:73,1
DA:79,1
DA:80,1
DA:88,1
DA:89,1
DA:90,1
DA:92,1
DA:93,1
DA:95,1
DA:96,1
DA:99,1
DA:100,1
DA:101,3
DA:111,1
DA:112,1
DA:114,1
DA:115,1
DA:117,1
DA:118,1
DA:122,1
DA:123,14
LF:50
LH:50
BRF:0
BRH:0
end_of_record
TN:
SF:D:\GitHub\web-wombat\tests\unitTests\routeVariableParserMiddlewareWorkingProperly.js
FN:5,(anonymous_0)
FN:12,(anonymous_1)
FN:22,(anonymous_2)
FN:34,(anonymous_3)
FN:35,(anonymous_4)
FN:40,(anonymous_5)
FN:43,(anonymous_6)
FN:46,(anonymous_7)
FN:50,(anonymous_8)
FN:52,(anonymous_9)
FN:57,(anonymous_10)
FN:60,(anonymous_11)
FN:63,(anonymous_12)
FN:67,(anonymous_13)
FN:70,(anonymous_14)
FN:75,(anonymous_15)
FN:78,(anonymous_16)
FN:81,(anonymous_17)
FN:84,(anonymous_18)
FN:88,(anonymous_19)
FN:90,(anonymous_20)
FN:95,(anonymous_21)
FN:98,(anonymous_22)
FN:101,(anonymous_23)
FN:105,(anonymous_24)
FNF:25
FNH:25
FNDA:1,(anonymous_0)
FNDA:1,(anonymous_1)
FNDA:13,(anonymous_2)
FNDA:1,(anonymous_3)
FNDA:3,(anonymous_4)
FNDA:1,(anonymous_5)
FNDA:1,(anonymous_6)
FNDA:1,(anonymous_7)
FNDA:1,(anonymous_8)
FNDA:3,(anonymous_9)
FNDA:1,(anonymous_10)
FNDA:1,(anonymous_11)
FNDA:1,(anonymous_12)
FNDA:1,(anonymous_13)
FNDA:4,(anonymous_14)
FNDA:1,(anonymous_15)
FNDA:1,(anonymous_16)
FNDA:1,(anonymous_17)
FNDA:1,(anonymous_18)
FNDA:1,(anonymous_19)
FNDA:3,(anonymous_20)
FNDA:1,(anonymous_21)
FNDA:1,(anonymous_22)
FNDA:1,(anonymous_23)
FNDA:13,(anonymous_24)
DA:1,1
DA:2,1
DA:3,1
DA:5,1
DA:12,1
DA:13,1
DA:14,1
DA:15,1
DA:22,1
DA:23,13
DA:24,13
DA:31,13
DA:32,13
DA:34,1
DA:35,1
DA:36,3
DA:37,3
DA:38,3
DA:40,1
DA:41,1
DA:43,1
DA:44,1
DA:46,1
DA:47,1
DA:50,1
DA:51,1
DA:52,1
DA:53,3
DA:54,3
DA:55,3
DA:57,1
DA:58,1
DA:60,1
DA:61,1
DA:63,1
DA:64,1
DA:67,1
DA:68,1
DA:69,1
DA:70,1
DA:71,4
DA:72,4
DA:73,4
DA:75,1
DA:76,1
DA:78,1
DA:79,1
DA:81,1
DA:82,1
DA:84,1
DA:85,1
DA:88,1
DA:89,1
DA:90,1
DA:91,3
DA:92,3
DA:93,3
DA:95,1
DA:96,1
DA:98,1
DA:99,1
DA:101,1
DA:102,1
DA:105,1
DA:106,13
LF:65
LH:65
BRF:0
BRH:0
end_of_record
TN:
SF:D:\GitHub\web-wombat\tests\unitTests\serviceProvider.js
FN:5,(anonymous_0)
FN:7,(anonymous_1)
FN:10,(anonymous_2)
FN:11,(anonymous_3)
FN:14,(anonymous_4)
FN:15,(anonymous_5)
FN:18,(anonymous_6)
FN:23,(anonymous_7)
FN:24,(anonymous_8)
FN:25,(anonymous_9)
FN:31,(anonymous_10)
FN:34,(anonymous_11)
FN:38,(anonymous_12)
FN:42,(anonymous_13)
FN:44,(anonymous_14)
FN:45,(anonymous_15)
FN:53,(anonymous_16)
FN:56,(anonymous_17)
FN:59,(anonymous_18)
FN:60,(anonymous_19)
FN:64,(anonymous_20)
FN:69,(anonymous_21)
FN:71,(anonymous_22)
FN:72,(anonymous_23)
FN:80,(anonymous_24)
FN:83,(anonymous_25)
FN:86,(anonymous_26)
FN:87,(anonymous_27)
FN:91,(anonymous_28)
FN:94,(anonymous_29)
FN:102,(anonymous_30)
FN:105,(anonymous_31)
FN:109,(anonymous_32)
FN:113,(anonymous_33)
FNF:34
FNH:34
FNDA:1,(anonymous_0)
FNDA:1,(anonymous_1)
FNDA:1,(anonymous_2)
FNDA:1,(anonymous_3)
FNDA:1,(anonymous_4)
FNDA:1,(anonymous_5)
FNDA:1,(anonymous_6)
FNDA:1,(anonymous_7)
FNDA:1,(anonymous_8)
FNDA:1,(anonymous_9)
FNDA:1,(anonymous_10)
FNDA:1,(anonymous_11)
FNDA:1,(anonymous_12)
FNDA:1,(anonymous_13)
FNDA:1,(anonymous_14)
FNDA:1,(anonymous_15)
FNDA:1,(anonymous_16)
FNDA:1,(anonymous_17)
FNDA:1,(anonymous_18)
FNDA:1,(anonymous_19)
FNDA:1,(anonymous_20)
FNDA:1,(anonymous_21)
FNDA:1,(anonymous_22)
FNDA:1,(anonymous_23)
FNDA:1,(anonymous_24)
FNDA:1,(anonymous_25)
FNDA:1,(anonymous_26)
FNDA:1,(anonymous_27)
FNDA:1,(anonymous_28)
FNDA:1,(anonymous_29)
FNDA:1,(anonymous_30)
FNDA:1,(anonymous_31)
FNDA:1,(anonymous_32)
FNDA:1,(anonymous_33)
DA:1,1
DA:2,1
DA:3,1
DA:5,1
DA:7,1
DA:8,1
DA:10,1
DA:11,1
DA:12,1
DA:14,1
DA:15,1
DA:16,1
DA:18,1
DA:19,1
DA:23,1
DA:24,1
DA:25,1
DA:26,1
DA:27,1
DA:31,1
DA:32,1
DA:34,1
DA:35,1
DA:36,1
DA:38,1
DA:39,1
DA:42,1
DA:43,1
DA:44,1
DA:45,1
DA:46,1
DA:47,1
DA:50,1
DA:51,1
DA:53,1
DA:54,1
DA:56,1
DA:57,1
DA:59,1
DA:60,1
DA:61,1
DA:64,1
DA:65,1
DA:69,1
DA:70,1
DA:71,1
DA:72,1
DA:73,1
DA:74,1
DA:77,1
DA:78,1
DA:80,1
DA:81,1
DA:83,1
DA:84,1
DA:86,1
DA:87,1
DA:88,1
DA:91,1
DA:92,1
DA:93,1
DA:94,1
DA:95,1
DA:96,1
DA:97,1
DA:98,1
DA:99,1
DA:100,1
DA:102,1
DA:103,1
DA:105,1
DA:106,1
DA:107,1
DA:109,1
DA:110,1
DA:111,1
DA:113,1
DA:114,1
LF:78
LH:78
BRF:0
BRH:0
end_of_record
TN:
SF:D:\GitHub\web-wombat\tests\unitTests\templateInterface.js
FN:4,(anonymous_0)
FN:8,(anonymous_1)
FN:11,(anonymous_2)
FN:14,(anonymous_3)
FN:15,(anonymous_4)
FN:18,(anonymous_5)
FN:22,(anonymous_6)
FN:23,(anonymous_7)
FN:28,(anonymous_8)
FN:31,(anonymous_9)
FN:36,(anonymous_10)
FN:37,(anonymous_11)
FN:40,(anonymous_12)
FN:45,(anonymous_13)
FN:46,(anonymous_14)
FN:47,(anonymous_15)
FN:50,(anonymous_16)
FN:54,(anonymous_17)
FN:55,(anonymous_18)
FN:58,(anonymous_19)
FN:62,(anonymous_20)
FN:63,(anonymous_21)
FN:66,(anonymous_22)
FN:67,(anonymous_23)
FN:68,(anonymous_24)
FN:71,(anonymous_25)
FN:73,(anonymous_26)
FN:81,(anonymous_27)
FN:87,(anonymous_28)
FN:88,(anonymous_29)
FN:90,(anonymous_30)
FN:98,(anonymous_31)
FNF:32
FNH:32
FNDA:1,(anonymous_0)
FNDA:1,(anonymous_1)
FNDA:1,(anonymous_2)
FNDA:1,(anonymous_3)
FNDA:1,(anonymous_4)
FNDA:1,(anonymous_5)
FNDA:1,(anonymous_6)
FNDA:1,(anonymous_7)
FNDA:1,(anonymous_8)
FNDA:1,(anonymous_9)
FNDA:1,(anonymous_10)
FNDA:1,(anonymous_11)
FNDA:1,(anonymous_12)
FNDA:1,(anonymous_13)
FNDA:1,(anonymous_14)
FNDA:1,(anonymous_15)
FNDA:1,(anonymous_16)
FNDA:1,(anonymous_17)
FNDA:1,(anonymous_18)
FNDA:1,(anonymous_19)
FNDA:1,(anonymous_20)
FNDA:3,(anonymous_21)
FNDA:1,(anonymous_22)
FNDA:1,(anonymous_23)
FNDA:1,(anonymous_24)
FNDA:1,(anonymous_25)
FNDA:1,(anonymous_26)
FNDA:1,(anonymous_27)
FNDA:1,(anonymous_28)
FNDA:1,(anonymous_29)
FNDA:1,(anonymous_30)
FNDA:1,(anonymous_31)
DA:1,1
DA:2,1
DA:4,1
DA:8,1
DA:9,1
DA:11,1
DA:12,1
DA:14,1
DA:15,1
DA:16,1
DA:18,1
DA:19,1
DA:22,1
DA:23,1
DA:26,1
DA:28,1
DA:31,1
DA:32,1
DA:33,1
DA:34,1
DA:36,1
DA:37,1
DA:38,1
DA:40,1
DA:41,1
DA:45,1
DA:46,1
DA:47,1
DA:48,1
DA:50,1
DA:51,1
DA:54,1
DA:55,1
DA:56,1
DA:58,1
DA:59,1
DA:62,1
DA:63,1
DA:64,3
DA:66,1
DA:67,1
DA:68,1
DA:69,1
DA:71,1
DA:73,1
DA:74,1
DA:75,1
DA:76,1
DA:77,16
DA:79,1
DA:81,1
DA:82,1
DA:87,1
DA:88,1
DA:90,1
DA:91,1
DA:92,1
DA:93,1
DA:94,16
DA:96,1
DA:98,1
DA:99,1
LF:62
LH:62
BRF:0
BRH:0
end_of_record
TN:
SF:D:\GitHub\web-wombat\tests\unitTests\terminalErrorHandler.js
FN:4,(anonymous_0)
FN:6,(anonymous_1)
FN:9,(anonymous_2)
FN:12,(anonymous_3)
FN:17,(anonymous_4)
FN:25,(anonymous_5)
FN:30,(anonymous_6)
FN:38,(anonymous_7)
FN:41,(anonymous_8)
FN:49,(anonymous_9)
FNF:10
FNH:10
FNDA:1,(anonymous_0)
FNDA:1,(anonymous_1)
FNDA:1,(anonymous_2)
FNDA:1,(anonymous_3)
FNDA:3,(anonymous_4)
FNDA:2,(anonymous_5)
FNDA:1,(anonymous_6)
FNDA:1,(anonymous_7)
FNDA:1,(anonymous_8)
FNDA:3,(anonymous_9)
DA:1,1
DA:2,1
DA:4,1
DA:6,1
DA:7,1
DA:9,1
DA:10,1
DA:12,1
DA:17,1
DA:18,3
DA:19,3
DA:30,1
DA:31,1
DA:32,1
DA:35,1
DA:38,1
DA:39,1
DA:41,1
DA:42,1
DA:43,1
DA:46,1
DA:49,1
DA:50,3
LF:23
LH:23
BRF:0
BRH:0
end_of_record
TN:
SF:D:\GitHub\web-wombat\tests\unitTests\textField.js
FN:4,(anonymous_0)
FN:6,(anonymous_1)
FN:9,(anonymous_2)
FN:12,(anonymous_3)
FN:14,(anonymous_4)
FN:17,(anonymous_5)
FN:21,(anonymous_6)
FN:29,(anonymous_7)
FN:30,(anonymous_8)
FN:31,(anonymous_9)
FN:36,(anonymous_10)
FN:39,(anonymous_11)
FN:43,(anonymous_12)
FN:44,(anonymous_13)
FN:49,(anonymous_14)
FN:52,(anonymous_15)
FN:57,(anonymous_16)
FN:58,(anonymous_17)
FN:61,(anonymous_18)
FN:62,(anonymous_19)
FN:65,(anonymous_20)
FN:69,(anonymous_21)
FN:70,(anonymous_22)
FN:73,(anonymous_23)
FN:78,(anonymous_24)
FN:79,(anonymous_25)
FN:84,(anonymous_26)
FN:87,(anonymous_27)
FN:88,(anonymous_28)
FN:89,(anonymous_29)
FN:92,(anonymous_30)
FN:102,(anonymous_31)
FN:103,(anonymous_32)
FN:106,(anonymous_33)
FNF:34
FNH:34
FNDA:1,(anonymous_0)
FNDA:1,(anonymous_1)
FNDA:1,(anonymous_2)
FNDA:1,(anonymous_3)
FNDA:1,(anonymous_4)
FNDA:1,(anonymous_5)
FNDA:1,(anonymous_6)
FNDA:1,(anonymous_7)
FNDA:1,(anonymous_8)
FNDA:1,(anonymous_9)
FNDA:1,(anonymous_10)
FNDA:1,(anonymous_11)
FNDA:1,(anonymous_12)
FNDA:1,(anonymous_13)
FNDA:1,(anonymous_14)
FNDA:1,(anonymous_15)
FNDA:1,(anonymous_16)
FNDA:1,(anonymous_17)
FNDA:1,(anonymous_18)
FNDA:1,(anonymous_19)
FNDA:1,(anonymous_20)
FNDA:1,(anonymous_21)
FNDA:1,(anonymous_22)
FNDA:1,(anonymous_23)
FNDA:1,(anonymous_24)
FNDA:1,(anonymous_25)
FNDA:1,(anonymous_26)
FNDA:1,(anonymous_27)
FNDA:1,(anonymous_28)
FNDA:1,(anonymous_29)
FNDA:1,(anonymous_30)
FNDA:1,(anonymous_31)
FNDA:1,(anonymous_32)
FNDA:1,(anonymous_33)
DA:1,1
DA:2,1
DA:4,1
DA:6,1
DA:7,1
DA:9,1
DA:10,1
DA:12,1
DA:14,1
DA:15,1
DA:17,1
DA:18,1
DA:21,1
DA:23,1
DA:29,1
DA:30,1
DA:31,1
DA:32,1
DA:33,1
DA:34,1
DA:36,1
DA:37,1
DA:39,1
DA:40,1
DA:43,1
DA:44,1
DA:45,1
DA:46,1
DA:47,1
DA:49,1
DA:50,1
DA:52,1
DA:53,1
DA:57,1
DA:58,1
DA:59,1
DA:61,1
DA:62,1
DA:63,1
DA:65,1
DA:66,1
DA:69,1
DA:70,1
DA:71,1
DA:73,1
DA:74,1
DA:78,1
DA:79,1
DA:80,1
DA:81,1
DA:82,1
DA:84,1
DA:85,1
DA:87,1
DA:88,1
DA:89,1
DA:90,1
DA:92,1
DA:93,1
DA:102,1
DA:103,1
DA:104,1
DA:106,1
DA:107,1
LF:64
LH:64
BRF:0
BRH:0
end_of_record
TN:
SF:D:\GitHub\web-wombat\tests\unitTests\webSocketClientService.js
FN:4,(anonymous_0)
FN:6,(anonymous_1)
FN:9,(anonymous_2)
FN:12,(anonymous_3)
FN:13,(anonymous_4)
FN:16,(anonymous_5)
FN:19,(anonymous_6)
FN:22,(anonymous_7)
FN:25,(anonymous_8)
FN:29,(anonymous_9)
FN:35,(anonymous_10)
FN:44,(anonymous_11)
FN:45,(anonymous_12)
FN:46,(anonymous_13)
FN:50,(anonymous_14)
FN:51,(anonymous_15)
FN:52,(anonymous_16)
FN:55,(anonymous_17)
FN:59,(anonymous_18)
FN:60,(anonymous_19)
FN:63,(anonymous_20)
FN:67,(anonymous_21)
FN:68,(anonymous_22)
FN:71,(anonymous_23)
FN:79,(anonymous_24)
FN:80,(anonymous_25)
FN:83,(anonymous_26)
FN:84,(anonymous_27)
FN:87,(anonymous_28)
FN:91,(anonymous_29)
FN:92,(anonymous_30)
FN:95,(anonymous_31)
FN:99,(anonymous_32)
FN:100,(anonymous_33)
FN:103,(anonymous_34)
FN:111,(anonymous_35)
FN:112,(anonymous_36)
FN:115,(anonymous_37)
FN:119,(anonymous_38)
FN:120,(anonymous_39)
FN:123,(anonymous_40)
FN:128,(anonymous_41)
FN:129,(anonymous_42)
FN:130,(anonymous_43)
FN:131,(anonymous_44)
FN:132,(anonymous_45)
FN:135,(anonymous_46)
FN:139,(anonymous_47)
FN:140,(anonymous_48)
FN:142,(anonymous_49)
FN:143,(anonymous_50)
FN:153,(anonymous_51)
FN:156,(anonymous_52)
FN:162,(anonymous_53)
FN:164,(anonymous_54)
FN:167,(anonymous_55)
FN:168,(anonymous_56)
FN:171,(anonymous_57)
FN:175,(anonymous_58)
FN:176,(anonymous_59)
FN:178,(anonymous_60)
FN:179,(anonymous_61)
FN:189,(anonymous_62)
FN:192,(anonymous_63)
FN:199,(anonymous_64)
FN:202,(anonymous_65)
FN:206,(anonymous_66)
FN:207,(anonymous_67)
FN:210,(anonymous_68)
FN:214,(anonymous_69)
FN:215,(anonymous_70)
FN:217,(anonymous_71)
FN:218,(anonymous_72)
FN:228,(anonymous_73)
FN:231,(anonymous_74)
FN:238,(anonymous_75)
FN:239,(anonymous_76)
FN:240,(anonymous_77)
FN:241,(anonymous_78)
FN:242,(anonymous_79)
FN:247,(anonymous_80)
FN:248,(anonymous_81)
FN:251,(anonymous_82)
FN:256,(anonymous_83)
FN:258,(anonymous_84)
FN:260,(anonymous_85)
FN:265,(anonymous_86)
FN:266,(anonymous_87)
FN:272,(anonymous_88)
FN:274,(anonymous_89)
FN:276,(anonymous_90)
FN:281,(anonymous_91)
FN:282,(anonymous_92)
FN:288,(anonymous_93)
FN:289,(anonymous_94)
FN:290,(anonymous_95)
FN:293,(anonymous_96)
FN:294,(anonymous_97)
FN:297,(anonymous_98)
FN:302,(anonymous_99)
FN:303,(anonymous_100)
FN:304,(anonymous_101)
FN:307,(anonymous_102)
FN:313,(anonymous_103)
FN:314,(anonymous_104)
FN:315,(anonymous_105)
FN:316,(anonymous_106)
FN:319,(anonymous_107)
FN:320,(anonymous_108)
FN:323,(anonymous_109)
FN:327,(anonymous_110)
FN:328,(anonymous_111)
FN:329,(anonymous_112)
FN:333,(anonymous_113)
FN:336,(anonymous_114)
FN:340,(anonymous_115)
FN:342,(anonymous_116)
FN:344,(anonymous_117)
FN:349,(anonymous_118)
FN:352,(anonymous_119)
FN:361,(anonymous_120)
FN:362,(anonymous_121)
FN:367,(anonymous_122)
FN:371,(anonymous_123)
FN:372,(anonymous_124)
FN:375,(anonymous_125)
FN:379,(anonymous_126)
FN:380,(anonymous_127)
FN:381,(anonymous_128)
FN:384,(anonymous_129)
FN:387,(anonymous_130)
FN:391,(anonymous_131)
FN:393,(anonymous_132)
FN:395,(anonymous_133)
FN:400,(anonymous_134)
FN:403,(anonymous_135)
FN:408,(anonymous_136)
FNF:137
FNH:137
FNDA:1,(anonymous_0)
FNDA:1,(anonymous_1)
FNDA:1,(anonymous_2)
FNDA:1,(anonymous_3)
FNDA:1,(anonymous_4)
FNDA:1,(anonymous_5)
FNDA:1,(anonymous_6)
FNDA:1,(anonymous_7)
FNDA:1,(anonymous_8)
FNDA:1,(anonymous_9)
FNDA:39,(anonymous_10)
FNDA:1,(anonymous_11)
FNDA:11,(anonymous_12)
FNDA:11,(anonymous_13)
FNDA:1,(anonymous_14)
FNDA:1,(anonymous_15)
FNDA:1,(anonymous_16)
FNDA:1,(anonymous_17)
FNDA:1,(anonymous_18)
FNDA:1,(anonymous_19)
FNDA:1,(anonymous_20)
FNDA:1,(anonymous_21)
FNDA:1,(anonymous_22)
FNDA:1,(anonymous_23)
FNDA:1,(anonymous_24)
FNDA:4,(anonymous_25)
FNDA:1,(anonymous_26)
FNDA:1,(anonymous_27)
FNDA:1,(anonymous_28)
FNDA:1,(anonymous_29)
FNDA:1,(anonymous_30)
FNDA:1,(anonymous_31)
FNDA:1,(anonymous_32)
FNDA:1,(anonymous_33)
FNDA:1,(anonymous_34)
FNDA:1,(anonymous_35)
FNDA:1,(anonymous_36)
FNDA:1,(anonymous_37)
FNDA:1,(anonymous_38)
FNDA:1,(anonymous_39)
FNDA:1,(anonymous_40)
FNDA:1,(anonymous_41)
FNDA:1,(anonymous_42)
FNDA:1,(anonymous_43)
FNDA:1,(anonymous_44)
FNDA:1,(anonymous_45)
FNDA:1,(anonymous_46)
FNDA:1,(anonymous_47)
FNDA:1,(anonymous_48)
FNDA:2,(anonymous_49)
FNDA:2,(anonymous_50)
FNDA:1,(anonymous_51)
FNDA:1,(anonymous_52)
FNDA:1,(anonymous_53)
FNDA:4,(anonymous_54)
FNDA:1,(anonymous_55)
FNDA:1,(anonymous_56)
FNDA:1,(anonymous_57)
FNDA:1,(anonymous_58)
FNDA:1,(anonymous_59)
FNDA:2,(anonymous_60)
FNDA:2,(anonymous_61)
FNDA:1,(anonymous_62)
FNDA:1,(anonymous_63)
FNDA:1,(anonymous_64)
FNDA:4,(anonymous_65)
FNDA:1,(anonymous_66)
FNDA:1,(anonymous_67)
FNDA:1,(anonymous_68)
FNDA:1,(anonymous_69)
FNDA:1,(anonymous_70)
FNDA:2,(anonymous_71)
FNDA:2,(anonymous_72)
FNDA:1,(anonymous_73)
FNDA:1,(anonymous_74)
FNDA:1,(anonymous_75)
FNDA:1,(anonymous_76)
FNDA:1,(anonymous_77)
FNDA:2,(anonymous_78)
FNDA:2,(anonymous_79)
FNDA:1,(anonymous_80)
FNDA:1,(anonymous_81)
FNDA:1,(anonymous_82)
FNDA:1,(anonymous_83)
FNDA:1,(anonymous_84)
FNDA:1,(anonymous_85)
FNDA:1,(anonymous_86)
FNDA:1,(anonymous_87)
FNDA:1,(anonymous_88)
FNDA:1,(anonymous_89)
FNDA:1,(anonymous_90)
FNDA:1,(anonymous_91)
FNDA:1,(anonymous_92)
FNDA:1,(anonymous_93)
FNDA:1,(anonymous_94)
FNDA:2,(anonymous_95)
FNDA:1,(anonymous_96)
FNDA:1,(anonymous_97)
FNDA:1,(anonymous_98)
FNDA:1,(anonymous_99)
FNDA:1,(anonymous_100)
FNDA:1,(anonymous_101)
FNDA:1,(anonymous_102)
FNDA:1,(anonymous_103)
FNDA:1,(anonymous_104)
FNDA:1,(anonymous_105)
FNDA:4,(anonymous_106)
FNDA:1,(anonymous_107)
FNDA:1,(anonymous_108)
FNDA:1,(anonymous_109)
FNDA:1,(anonymous_110)
FNDA:1,(anonymous_111)
FNDA:1,(anonymous_112)
FNDA:1,(anonymous_113)
FNDA:1,(anonymous_114)
FNDA:1,(anonymous_115)
FNDA:1,(anonymous_116)
FNDA:8,(anonymous_117)
FNDA:1,(anonymous_118)
FNDA:1,(anonymous_119)
FNDA:1,(anonymous_120)
FNDA:4,(anonymous_121)
FNDA:64,(anonymous_122)
FNDA:1,(anonymous_123)
FNDA:1,(anonymous_124)
FNDA:1,(anonymous_125)
FNDA:1,(anonymous_126)
FNDA:1,(anonymous_127)
FNDA:1,(anonymous_128)
FNDA:1,(anonymous_129)
FNDA:1,(anonymous_130)
FNDA:1,(anonymous_131)
FNDA:1,(anonymous_132)
FNDA:16,(anonymous_133)
FNDA:1,(anonymous_134)
FNDA:1,(anonymous_135)
FNDA:4,(anonymous_136)
DA:1,1
DA:2,1
DA:4,1
DA:6,1
DA:7,1
DA:9,1
DA:10,1
DA:12,1
DA:13,1
DA:14,1
DA:16,1
DA:17,1
DA:19,1
DA:20,1
DA:22,1
DA:23,1
DA:25,1
DA:26,1
DA:29,1
DA:35,1
DA:38,39
DA:39,39
DA:40,39
DA:41,39
DA:42,39
DA:44,1
DA:45,1
DA:46,11
DA:47,11
DA:50,1
DA:51,1
DA:52,1
DA:53,1
DA:55,1
DA:56,1
DA:59,1
DA:60,1
DA:61,1
DA:63,1
DA:64,1
DA:67,1
DA:68,1
DA:69,1
DA:71,1
DA:72,1
DA:73,1
DA:74,1
DA:75,1
DA:79,1
DA:80,1
DA:81,4
DA:83,1
DA:84,1
DA:85,1
DA:87,1
DA:88,1
DA:91,1
DA:92,1
DA:93,1
DA:95,1
DA:96,1
DA:99,1
DA:100,1
DA:101,1
DA:103,1
DA:104,1
DA:105,1
DA:106,1
DA:107,1
DA:111,1
DA:112,1
DA:113,1
DA:115,1
DA:116,1
DA:119,1
DA:120,1
DA:121,1
DA:123,1
DA:124,1
DA:128,1
DA:129,1
DA:130,1
DA:131,1
DA:132,1
DA:133,1
DA:135,1
DA:136,1
DA:139,1
DA:140,1
DA:142,1
DA:143,2
DA:144,2
DA:146,2
DA:147,2
DA:148,2
DA:149,2
DA:151,2
DA:153,1
DA:154,1
DA:156,1
DA:157,1
DA:162,1
DA:164,1
DA:165,4
DA:167,1
DA:168,1
DA:169,1
DA:171,1
DA:172,1
DA:175,1
DA:176,1
DA:178,1
DA:179,2
DA:180,2
DA:182,2
DA:183,2
DA:184,2
DA:185,2
DA:187,2
DA:189,1
DA:190,1
DA:192,1
DA:193,1
DA:199,1
DA:202,1
DA:203,4
DA:204,4
DA:206,1
DA:207,1
DA:208,1
DA:210,1
DA:211,1
DA:214,1
DA:215,1
DA:217,1
DA:218,2
DA:219,2
DA:221,2
DA:222,2
DA:223,2
DA:224,2
DA:226,2
DA:228,1
DA:229,1
DA:231,1
DA:232,1
DA:238,1
DA:239,1
DA:240,1
DA:241,1
DA:242,2
DA:243,2
DA:245,2
DA:247,1
DA:248,1
DA:249,1
DA:251,1
DA:252,1
DA:256,1
DA:258,1
DA:259,1
DA:260,1
DA:261,1
DA:263,1
DA:265,1
DA:266,1
DA:267,1
DA:272,1
DA:274,1
DA:275,1
DA:276,1
DA:277,1
DA:279,1
DA:281,1
DA:282,1
DA:283,1
DA:288,1
DA:289,1
DA:290,1
DA:291,2
DA:293,1
DA:294,1
DA:295,1
DA:297,1
DA:298,1
DA:302,1
DA:303,1
DA:304,1
DA:305,1
DA:307,1
DA:308,1
DA:313,1
DA:314,1
DA:315,1
DA:316,1
DA:317,4
DA:319,1
DA:320,1
DA:321,1
DA:323,1
DA:324,1
DA:327,1
DA:328,1
DA:329,1
DA:330,1
DA:331,1
DA:333,1
DA:334,1
DA:336,1
DA:337,1
DA:340,1
DA:342,1
DA:343,1
DA:344,1
DA:345,8
DA:347,1
DA:349,1
DA:350,1
DA:352,1
DA:353,1
DA:361,1
DA:362,1
DA:363,4
DA:364,4
DA:367,4
DA:368,64
DA:371,1
DA:372,1
DA:373,1
DA:375,1
DA:376,1
DA:379,1
DA:380,1
DA:381,1
DA:382,1
DA:384,1
DA:385,1
DA:387,1
DA:388,1
DA:391,1
DA:393,1
DA:394,1
DA:395,1
DA:396,16
DA:398,1
DA:400,1
DA:401,1
DA:403,1
DA:404,1
DA:408,1
DA:409,4
LF:251
LH:251
BRF:0
BRH:0
end_of_record
TN:
SF:D:\GitHub\web-wombat\tests\unitTests\wombatServerIsConfigurable.js
FN:3,(anonymous_0)
FN:5,(anonymous_1)
FN:8,(anonymous_2)
FN:12,(anonymous_3)
FN:16,(anonymous_4)
FN:19,(anonymous_5)
FN:23,(anonymous_6)
FN:26,(anonymous_7)
FN:30,(anonymous_8)
FN:33,(anonymous_9)
FN:41,(anonymous_10)
FN:44,(anonymous_11)
FN:48,(anonymous_12)
FN:52,(anonymous_13)
FNF:14
FNH:14
FNDA:1,(anonymous_0)
FNDA:1,(anonymous_1)
FNDA:1,(anonymous_2)
FNDA:1,(anonymous_3)
FNDA:1,(anonymous_4)
FNDA:1,(anonymous_5)
FNDA:1,(anonymous_6)
FNDA:1,(anonymous_7)
FNDA:1,(anonymous_8)
FNDA:1,(anonymous_9)
FNDA:1,(anonymous_10)
FNDA:1,(anonymous_11)
FNDA:1,(anonymous_12)
FNDA:1,(anonymous_13)
DA:1,1
DA:3,1
DA:4,1
DA:5,1
DA:6,1
DA:8,1
DA:9,1
DA:10,1
DA:12,1
DA:13,1
DA:14,1
DA:16,1
DA:17,1
DA:19,1
DA:20,1
DA:21,1
DA:23,1
DA:24,1
DA:26,1
DA:27,1
DA:28,1
DA:30,1
DA:31,1
DA:33,1
DA:34,1
DA:35,1
DA:38,1
DA:39,1
DA:41,1
DA:42,1
DA:44,1
DA:45,1
DA:46,1
DA:48,1
DA:49,1
DA:50,1
DA:52,1
DA:53,1
DA:56,1
DA:57,1
LF:40
LH:40
BRF:0
BRH:0
end_of_record
